{"rawEeg":35}
{"rawEeg":37}
{"rawEeg":26}
{"rawEeg":11}
{"rawEeg":21}
{"rawEeg":45}
{"rawEeg":60}
{"rawEeg":58}
{"rawEeg":54}
{"rawEeg":49}
{"rawEeg":45}
{"rawEeg":59}
{"rawEeg":56}
{"rawEeg":37}
{"rawEeg":41}
{"rawEeg":54}
{"rawEeg":42}
{"rawEeg":35}
{"rawEeg":48}
{"rawEeg":65}
{"rawEeg":67}
{"rawEeg":74}
{"rawEeg":82}
{"rawEeg":80}
{"rawEeg":37}
{"rawEeg":-33}
{"rawEeg":-49}
{"rawEeg":-4}
{"rawEeg":38}
{"rawEeg":41}
{"rawEeg":28}
{"rawEeg":32}
{"rawEeg":41}
{"rawEeg":32}
{"rawEeg":19}
{"rawEeg":28}
{"rawEeg":44}
{"rawEeg":37}
{"rawEeg":23}
{"rawEeg":28}
{"rawEeg":39}
{"rawEeg":39}
{"rawEeg":48}
{"rawEeg":49}
{"rawEeg":52}
{"rawEeg":84}
{"rawEeg":98}
{"rawEeg":52}
{"rawEeg":6}
{"rawEeg":3}
{"rawEeg":33}
{"rawEeg":58}
{"rawEeg":58}
{"rawEeg":51}
{"rawEeg":51}
{"rawEeg":45}
{"rawEeg":32}
{"rawEeg":21}
{"rawEeg":33}
{"rawEeg":41}
{"rawEeg":40}
{"rawEeg":40}
{"rawEeg":40}
{"rawEeg":50}
{"rawEeg":41}
{"rawEeg":9}
{"rawEeg":-6}
{"rawEeg":39}
{"rawEeg":90}
{"rawEeg":93}
{"rawEeg":70}
{"rawEeg":51}
{"rawEeg":54}
{"rawEeg":68}
{"rawEeg":72}
{"rawEeg":53}
{"rawEeg":19}
{"rawEeg":-9}
{"rawEeg":-28}
{"rawEeg":-51}
{"rawEeg":-75}
{"rawEeg":-82}
{"rawEeg":-82}
{"rawEeg":-85}
{"rawEeg":-57}
{"rawEeg":-26}
{"rawEeg":0}
{"rawEeg":25}
{"rawEeg":57}
{"rawEeg":86}
{"rawEeg":85}
{"rawEeg":75}
{"rawEeg":60}
{"rawEeg":43}
{"rawEeg":68}
{"rawEeg":97}
{"rawEeg":85}
{"rawEeg":72}
{"rawEeg":71}
{"rawEeg":75}
{"rawEeg":83}
{"rawEeg":82}
{"rawEeg":83}
{"rawEeg":87}
{"rawEeg":103}
{"rawEeg":122}
{"rawEeg":120}
{"rawEeg":59}
{"rawEeg":6}
{"rawEeg":19}
{"rawEeg":45}
{"rawEeg":43}
{"rawEeg":32}
{"rawEeg":38}
{"rawEeg":58}
{"rawEeg":69}
{"rawEeg":68}
{"rawEeg":67}
{"rawEeg":55}
{"rawEeg":27}
{"rawEeg":12}
{"rawEeg":24}
{"rawEeg":39}
{"rawEeg":59}
{"rawEeg":81}
{"rawEeg":75}
{"rawEeg":67}
{"rawEeg":72}
{"rawEeg":70}
{"rawEeg":73}
{"rawEeg":91}
{"rawEeg":99}
{"rawEeg":90}
{"rawEeg":86}
{"rawEeg":76}
{"rawEeg":67}
{"rawEeg":76}
{"rawEeg":91}
{"rawEeg":83}
{"rawEeg":69}
{"rawEeg":67}
{"rawEeg":59}
{"rawEeg":51}
{"rawEeg":55}
{"rawEeg":53}
{"rawEeg":44}
{"rawEeg":43}
{"rawEeg":48}
{"rawEeg":43}
{"rawEeg":35}
{"rawEeg":26}
{"rawEeg":11}
{"rawEeg":-17}
{"rawEeg":-18}
{"rawEeg":9}
{"rawEeg":9}
{"eSense":{"attention":38,"meditation":40},"eegPower":{"delta":10339,"theta":8378,"lowAlpha":2704,"highAlpha":12502,"lowBeta":14899,"highBeta":7789,"lowGamma":5123,"highGamma":3611},"poorSignalLevel":0}
{"rawEeg":-3}
{"rawEeg":12}
{"rawEeg":50}
{"rawEeg":75}
{"rawEeg":81}
{"rawEeg":58}
{"rawEeg":36}
{"rawEeg":34}
{"rawEeg":44}
{"rawEeg":57}
{"rawEeg":57}
{"rawEeg":29}
{"rawEeg":-7}
{"rawEeg":-24}
{"rawEeg":-4}
{"rawEeg":17}
{"rawEeg":2}
{"rawEeg":-6}
{"rawEeg":9}
{"rawEeg":32}
{"rawEeg":43}
{"rawEeg":50}
{"rawEeg":50}
{"rawEeg":49}
{"rawEeg":38}
{"rawEeg":36}
{"rawEeg":34}
{"rawEeg":38}
{"rawEeg":50}
{"rawEeg":48}
{"rawEeg":41}
{"rawEeg":42}
{"rawEeg":39}
{"rawEeg":34}
{"rawEeg":38}
{"rawEeg":21}
{"rawEeg":-22}
{"rawEeg":-34}
{"rawEeg":8}
{"rawEeg":57}
{"rawEeg":70}
{"rawEeg":57}
{"rawEeg":51}
{"rawEeg":68}
{"rawEeg":106}
{"rawEeg":123}
{"rawEeg":101}
{"rawEeg":71}
{"rawEeg":53}
{"rawEeg":42}
{"rawEeg":23}
{"rawEeg":5}
{"rawEeg":9}
{"rawEeg":19}
{"rawEeg":18}
{"rawEeg":16}
{"rawEeg":8}
{"rawEeg":5}
{"rawEeg":11}
{"rawEeg":16}
{"rawEeg":23}
{"rawEeg":33}
{"rawEeg":39}
{"rawEeg":41}
{"rawEeg":39}
{"rawEeg":41}
{"rawEeg":53}
{"rawEeg":71}
{"rawEeg":84}
{"rawEeg":71}
{"rawEeg":52}
{"rawEeg":48}
{"rawEeg":55}
{"rawEeg":38}
{"rawEeg":7}
{"rawEeg":0}
{"rawEeg":6}
{"rawEeg":5}
{"rawEeg":17}
{"rawEeg":51}
{"rawEeg":69}
{"rawEeg":69}
{"rawEeg":61}
{"rawEeg":53}
{"rawEeg":43}
{"rawEeg":33}
{"rawEeg":37}
{"rawEeg":61}
{"rawEeg":85}
{"rawEeg":82}
{"rawEeg":75}
{"rawEeg":56}
{"rawEeg":10}
{"rawEeg":-12}
{"rawEeg":7}
{"rawEeg":53}
{"rawEeg":88}
{"rawEeg":96}
{"rawEeg":75}
{"rawEeg":16}
{"rawEeg":-22}
{"rawEeg":26}
{"rawEeg":115}
{"rawEeg":139}
{"rawEeg":113}
{"rawEeg":69}
{"rawEeg":40}
{"rawEeg":54}
{"rawEeg":80}
{"rawEeg":86}
{"rawEeg":84}
{"rawEeg":67}
{"rawEeg":48}
{"rawEeg":37}
{"rawEeg":21}
{"rawEeg":18}
{"rawEeg":26}
{"rawEeg":33}
{"rawEeg":35}
{"rawEeg":24}
{"rawEeg":13}
{"rawEeg":44}
{"rawEeg":96}
{"rawEeg":116}
{"rawEeg":103}
{"rawEeg":80}
{"rawEeg":72}
{"rawEeg":76}
{"rawEeg":82}
{"rawEeg":74}
{"rawEeg":67}
{"rawEeg":54}
{"rawEeg":40}
{"rawEeg":42}
{"rawEeg":60}
{"rawEeg":81}
{"rawEeg":75}
{"rawEeg":69}
{"rawEeg":81}
{"rawEeg":91}
{"rawEeg":80}
{"rawEeg":54}
{"rawEeg":40}
{"rawEeg":55}
{"rawEeg":87}
{"rawEeg":100}
{"rawEeg":77}
{"rawEeg":53}
{"rawEeg":52}
{"rawEeg":72}
{"rawEeg":90}
{"rawEeg":114}
{"rawEeg":115}
{"rawEeg":81}
{"rawEeg":42}
{"rawEeg":26}
{"rawEeg":21}
{"rawEeg":11}
{"rawEeg":16}
{"rawEeg":20}
{"rawEeg":18}
{"rawEeg":39}
{"rawEeg":70}
{"rawEeg":75}
{"rawEeg":74}
{"rawEeg":83}
{"rawEeg":67}
{"rawEeg":44}
{"rawEeg":29}
{"rawEeg":34}
{"rawEeg":48}
{"rawEeg":55}
{"rawEeg":57}
{"rawEeg":59}
{"rawEeg":44}
{"rawEeg":22}
{"rawEeg":10}
{"rawEeg":19}
{"rawEeg":36}
{"rawEeg":41}
{"rawEeg":27}
{"rawEeg":8}
{"rawEeg":-23}
{"rawEeg":-51}
{"rawEeg":-26}
{"rawEeg":13}
{"rawEeg":28}
{"rawEeg":24}
{"rawEeg":16}
{"rawEeg":17}
{"rawEeg":23}
{"rawEeg":16}
{"rawEeg":6}
{"rawEeg":8}
{"rawEeg":17}
{"rawEeg":17}
{"rawEeg":-1}
{"rawEeg":-12}
{"rawEeg":-8}
{"rawEeg":3}
{"rawEeg":4}
{"rawEeg":18}
{"rawEeg":45}
{"rawEeg":48}
{"rawEeg":41}
{"rawEeg":61}
{"rawEeg":60}
{"rawEeg":38}
{"rawEeg":25}
{"rawEeg":17}
{"rawEeg":12}
{"rawEeg":25}
{"rawEeg":44}
{"rawEeg":53}
{"rawEeg":40}
{"rawEeg":23}
{"rawEeg":16}
{"rawEeg":26}
{"rawEeg":55}
{"rawEeg":73}
{"rawEeg":80}
{"rawEeg":81}
{"rawEeg":70}
{"rawEeg":43}
{"rawEeg":19}
{"rawEeg":-12}
{"rawEeg":-21}
{"rawEeg":9}
{"rawEeg":33}
{"rawEeg":16}
{"rawEeg":10}
{"rawEeg":33}
{"rawEeg":42}
{"rawEeg":32}
{"rawEeg":17}
{"rawEeg":39}
{"rawEeg":74}
{"rawEeg":74}
{"rawEeg":39}
{"rawEeg":10}
{"rawEeg":9}
{"rawEeg":26}
{"rawEeg":35}
{"rawEeg":43}
{"rawEeg":70}
{"rawEeg":84}
{"rawEeg":73}
{"rawEeg":54}
{"rawEeg":52}
{"rawEeg":70}
{"rawEeg":72}
{"rawEeg":64}
{"rawEeg":58}
{"rawEeg":65}
{"rawEeg":64}
{"rawEeg":56}
{"rawEeg":56}
{"rawEeg":50}
{"rawEeg":37}
{"rawEeg":38}
{"rawEeg":39}
{"rawEeg":28}
{"rawEeg":22}
{"rawEeg":41}
{"rawEeg":75}
{"rawEeg":90}
{"rawEeg":72}
{"rawEeg":33}
{"rawEeg":3}
{"rawEeg":32}
{"rawEeg":88}
{"rawEeg":128}
{"rawEeg":112}
{"rawEeg":57}
{"rawEeg":19}
{"rawEeg":18}
{"rawEeg":40}
{"rawEeg":64}
{"rawEeg":70}
{"rawEeg":75}
{"rawEeg":76}
{"rawEeg":65}
{"rawEeg":51}
{"rawEeg":57}
{"rawEeg":72}
{"rawEeg":75}
{"rawEeg":59}
{"rawEeg":21}
{"rawEeg":-11}
{"rawEeg":-2}
{"rawEeg":44}
{"rawEeg":75}
{"rawEeg":67}
{"rawEeg":35}
{"rawEeg":43}
{"rawEeg":81}
{"rawEeg":92}
{"rawEeg":86}
{"rawEeg":77}
{"rawEeg":74}
{"rawEeg":76}
{"rawEeg":89}
{"rawEeg":75}
{"rawEeg":38}
{"rawEeg":12}
{"rawEeg":24}
{"rawEeg":49}
{"rawEeg":56}
{"rawEeg":64}
{"rawEeg":74}
{"rawEeg":65}
{"rawEeg":26}
{"rawEeg":8}
{"rawEeg":22}
{"rawEeg":37}
{"rawEeg":61}
{"rawEeg":88}
{"rawEeg":81}
{"rawEeg":27}
{"rawEeg":-2}
{"rawEeg":4}
{"rawEeg":32}
{"rawEeg":40}
{"rawEeg":19}
{"rawEeg":6}
{"rawEeg":17}
{"rawEeg":26}
{"rawEeg":24}
{"rawEeg":1}
{"rawEeg":-8}
{"rawEeg":26}
{"rawEeg":74}
{"rawEeg":92}
{"rawEeg":68}
{"rawEeg":24}
{"rawEeg":13}
{"rawEeg":37}
{"rawEeg":56}
{"rawEeg":66}
{"rawEeg":57}
{"rawEeg":27}
{"rawEeg":4}
{"rawEeg":-12}
{"rawEeg":-11}
{"rawEeg":12}
{"rawEeg":22}
{"rawEeg":17}
{"rawEeg":25}
{"rawEeg":39}
{"rawEeg":44}
{"rawEeg":40}
{"rawEeg":35}
{"rawEeg":12}
{"rawEeg":-13}
{"rawEeg":-13}
{"rawEeg":3}
{"rawEeg":18}
{"rawEeg":10}
{"rawEeg":-3}
{"rawEeg":18}
{"rawEeg":50}
{"rawEeg":42}
{"rawEeg":18}
{"rawEeg":0}
{"rawEeg":-6}
{"rawEeg":-3}
{"rawEeg":8}
{"rawEeg":0}
{"rawEeg":-9}
{"rawEeg":7}
{"rawEeg":36}
{"rawEeg":35}
{"rawEeg":34}
{"rawEeg":49}
{"rawEeg":66}
{"rawEeg":81}
{"rawEeg":81}
{"rawEeg":64}
{"rawEeg":42}
{"rawEeg":25}
{"rawEeg":18}
{"rawEeg":20}
{"rawEeg":23}
{"rawEeg":37}
{"rawEeg":40}
{"rawEeg":20}
{"rawEeg":2}
{"rawEeg":-2}
{"rawEeg":11}
{"rawEeg":48}
{"rawEeg":74}
{"rawEeg":72}
{"rawEeg":54}
{"rawEeg":49}
{"rawEeg":70}
{"rawEeg":105}
{"rawEeg":119}
{"rawEeg":106}
{"rawEeg":71}
{"rawEeg":48}
{"rawEeg":35}
{"rawEeg":8}
{"rawEeg":-2}
{"rawEeg":9}
{"rawEeg":29}
{"rawEeg":13}
{"rawEeg":-39}
{"rawEeg":-65}
{"rawEeg":-35}
{"rawEeg":9}
{"rawEeg":36}
{"rawEeg":48}
{"rawEeg":52}
{"rawEeg":40}
{"rawEeg":33}
{"rawEeg":60}
{"rawEeg":105}
{"rawEeg":133}
{"rawEeg":137}
{"rawEeg":131}
{"rawEeg":128}
{"rawEeg":119}
{"rawEeg":96}
{"rawEeg":84}
{"rawEeg":102}
{"rawEeg":108}
{"rawEeg":89}
{"rawEeg":70}
{"rawEeg":57}
{"rawEeg":54}
{"rawEeg":41}
{"rawEeg":5}
{"rawEeg":9}
{"rawEeg":60}
{"rawEeg":91}
{"rawEeg":69}
{"rawEeg":25}
{"rawEeg":18}
{"rawEeg":52}
{"rawEeg":59}
{"rawEeg":28}
{"rawEeg":9}
{"rawEeg":18}
{"rawEeg":45}
{"rawEeg":65}
{"rawEeg":53}
{"rawEeg":25}
{"rawEeg":27}
{"rawEeg":51}
{"rawEeg":64}
{"rawEeg":66}
{"rawEeg":70}
{"rawEeg":70}
{"rawEeg":54}
{"rawEeg":38}
{"rawEeg":8}
{"rawEeg":-21}
{"rawEeg":-20}
{"rawEeg":8}
{"rawEeg":42}
{"rawEeg":50}
{"rawEeg":36}
{"rawEeg":39}
{"rawEeg":41}
{"rawEeg":26}
{"rawEeg":38}
{"rawEeg":66}
{"rawEeg":77}
{"rawEeg":74}
{"rawEeg":54}
{"rawEeg":33}
{"rawEeg":24}
{"rawEeg":25}
{"rawEeg":33}
{"rawEeg":50}
{"rawEeg":65}
{"rawEeg":60}
{"rawEeg":39}
{"rawEeg":19}
{"rawEeg":13}
{"rawEeg":28}
{"rawEeg":36}
{"rawEeg":35}
{"rawEeg":36}
{"rawEeg":20}
{"rawEeg":0}
{"rawEeg":-33}
{"rawEeg":-69}
{"rawEeg":-57}
{"rawEeg":20}
{"rawEeg":92}
{"rawEeg":104}
{"rawEeg":85}
{"rawEeg":82}
{"rawEeg":86}
{"rawEeg":88}
{"rawEeg":96}
{"rawEeg":96}
{"rawEeg":85}
{"rawEeg":72}
{"rawEeg":60}
{"rawEeg":55}
{"rawEeg":39}
{"rawEeg":20}
{"rawEeg":34}
{"rawEeg":57}
{"rawEeg":67}
{"rawEeg":64}
{"rawEeg":52}
{"rawEeg":41}
{"rawEeg":38}
{"rawEeg":41}
{"eSense":{"attention":53,"meditation":38},"eegPower":{"delta":24987,"theta":13313,"lowAlpha":4131,"highAlpha":10094,"lowBeta":3935,"highBeta":21359,"lowGamma":10280,"highGamma":2828},"poorSignalLevel":0}
{"rawEeg":44}
{"rawEeg":58}
{"rawEeg":83}
{"rawEeg":102}
{"rawEeg":120}
{"rawEeg":114}
{"rawEeg":65}
{"rawEeg":21}
{"rawEeg":16}
{"rawEeg":29}
{"rawEeg":38}
{"rawEeg":10}
{"rawEeg":-28}
{"rawEeg":-34}
{"rawEeg":8}
{"rawEeg":35}
{"rawEeg":33}
{"rawEeg":23}
{"rawEeg":13}
{"rawEeg":5}
{"rawEeg":-1}
{"rawEeg":-9}
{"rawEeg":-22}
{"rawEeg":-18}
{"rawEeg":16}
{"rawEeg":34}
{"rawEeg":25}
{"rawEeg":4}
{"rawEeg":-9}
{"rawEeg":-5}
{"rawEeg":12}
{"rawEeg":29}
{"rawEeg":52}
{"rawEeg":50}
{"rawEeg":7}
{"rawEeg":-22}
{"rawEeg":-38}
{"rawEeg":-53}
{"rawEeg":-18}
{"rawEeg":38}
{"rawEeg":61}
{"rawEeg":49}
{"rawEeg":25}
{"rawEeg":13}
{"rawEeg":18}
{"rawEeg":34}
{"rawEeg":61}
{"rawEeg":83}
{"rawEeg":80}
{"rawEeg":64}
{"rawEeg":32}
{"rawEeg":25}
{"rawEeg":35}
{"rawEeg":22}
{"rawEeg":7}
{"rawEeg":9}
{"rawEeg":29}
{"rawEeg":44}
{"rawEeg":32}
{"rawEeg":4}
{"rawEeg":8}
{"rawEeg":40}
{"rawEeg":81}
{"rawEeg":101}
{"rawEeg":88}
{"rawEeg":70}
{"rawEeg":70}
{"rawEeg":61}
{"rawEeg":50}
{"rawEeg":69}
{"rawEeg":100}
{"rawEeg":109}
{"rawEeg":85}
{"rawEeg":64}
{"rawEeg":66}
{"rawEeg":84}
{"rawEeg":101}
{"rawEeg":105}
{"rawEeg":101}
{"rawEeg":93}
{"rawEeg":84}
{"rawEeg":73}
{"rawEeg":64}
{"rawEeg":42}
{"rawEeg":34}
{"rawEeg":27}
{"rawEeg":24}
{"rawEeg":21}
{"rawEeg":39}
{"rawEeg":72}
{"rawEeg":85}
{"rawEeg":74}
{"rawEeg":50}
{"rawEeg":39}
{"rawEeg":56}
{"rawEeg":67}
{"rawEeg":44}
{"rawEeg":25}
{"rawEeg":53}
{"rawEeg":90}
{"rawEeg":85}
{"rawEeg":55}
{"rawEeg":48}
{"rawEeg":83}
{"rawEeg":116}
{"rawEeg":123}
{"rawEeg":125}
{"rawEeg":150}
{"rawEeg":173}
{"rawEeg":164}
{"rawEeg":133}
{"rawEeg":122}
{"rawEeg":144}
{"rawEeg":152}
{"rawEeg":133}
{"rawEeg":113}
{"rawEeg":92}
{"rawEeg":106}
{"rawEeg":152}
{"rawEeg":168}
{"rawEeg":145}
{"rawEeg":113}
{"rawEeg":96}
{"rawEeg":89}
{"rawEeg":87}
{"rawEeg":84}
{"rawEeg":83}
{"rawEeg":65}
{"rawEeg":34}
{"rawEeg":19}
{"rawEeg":1}
{"rawEeg":-14}
{"rawEeg":-12}
{"rawEeg":-2}
{"rawEeg":2}
{"rawEeg":-12}
{"rawEeg":-29}
{"rawEeg":-35}
{"rawEeg":-52}
{"rawEeg":-78}
{"rawEeg":-54}
{"rawEeg":10}
{"rawEeg":49}
{"rawEeg":22}
{"rawEeg":-9}
{"rawEeg":8}
{"rawEeg":43}
{"rawEeg":54}
{"rawEeg":37}
{"rawEeg":10}
{"rawEeg":-4}
{"rawEeg":-5}
{"rawEeg":-9}
{"rawEeg":-23}
{"rawEeg":-34}
{"rawEeg":-34}
{"rawEeg":-23}
{"rawEeg":-23}
{"rawEeg":-29}
{"rawEeg":-21}
{"rawEeg":-2}
{"rawEeg":11}
{"rawEeg":9}
{"rawEeg":9}
{"rawEeg":13}
{"rawEeg":27}
{"rawEeg":22}
{"rawEeg":-6}
{"rawEeg":-2}
{"rawEeg":36}
{"rawEeg":52}
{"rawEeg":53}
{"rawEeg":49}
{"rawEeg":37}
{"rawEeg":33}
{"rawEeg":36}
{"rawEeg":50}
{"rawEeg":58}
{"rawEeg":48}
{"rawEeg":17}
{"rawEeg":-2}
{"rawEeg":-9}
{"rawEeg":-24}
{"rawEeg":-35}
{"rawEeg":-23}
{"rawEeg":1}
{"rawEeg":26}
{"rawEeg":44}
{"rawEeg":35}
{"rawEeg":16}
{"rawEeg":-5}
{"rawEeg":-18}
{"rawEeg":9}
{"rawEeg":57}
{"rawEeg":76}
{"rawEeg":75}
{"rawEeg":60}
{"rawEeg":44}
{"rawEeg":40}
{"rawEeg":37}
{"rawEeg":42}
{"rawEeg":55}
{"rawEeg":58}
{"rawEeg":45}
{"rawEeg":22}
{"rawEeg":-7}
{"rawEeg":-12}
{"rawEeg":5}
{"rawEeg":19}
{"rawEeg":22}
{"rawEeg":33}
{"rawEeg":39}
{"rawEeg":37}
{"rawEeg":34}
{"rawEeg":36}
{"rawEeg":37}
{"rawEeg":7}
{"rawEeg":-27}
{"rawEeg":-17}
{"rawEeg":38}
{"rawEeg":91}
{"rawEeg":92}
{"rawEeg":59}
{"rawEeg":41}
{"rawEeg":60}
{"rawEeg":81}
{"rawEeg":84}
{"rawEeg":85}
{"rawEeg":65}
{"rawEeg":25}
{"rawEeg":1}
{"rawEeg":8}
{"rawEeg":36}
{"rawEeg":52}
{"rawEeg":60}
{"rawEeg":61}
{"rawEeg":68}
{"rawEeg":90}
{"rawEeg":98}
{"rawEeg":84}
{"rawEeg":60}
{"rawEeg":22}
{"rawEeg":16}
{"rawEeg":54}
{"rawEeg":86}
{"rawEeg":75}
{"rawEeg":67}
{"rawEeg":70}
{"rawEeg":73}
{"rawEeg":67}
{"rawEeg":56}
{"rawEeg":52}
{"rawEeg":37}
{"rawEeg":23}
{"rawEeg":13}
{"rawEeg":12}
{"rawEeg":5}
{"rawEeg":1}
{"rawEeg":12}
{"rawEeg":50}
{"rawEeg":61}
{"rawEeg":19}
{"rawEeg":-4}
{"rawEeg":17}
{"rawEeg":42}
{"rawEeg":75}
{"rawEeg":107}
{"rawEeg":106}
{"rawEeg":83}
{"rawEeg":60}
{"rawEeg":55}
{"rawEeg":51}
{"rawEeg":43}
{"rawEeg":58}
{"rawEeg":71}
{"rawEeg":55}
{"rawEeg":27}
{"rawEeg":8}
{"rawEeg":1}
{"rawEeg":8}
{"rawEeg":22}
{"rawEeg":24}
{"rawEeg":5}
{"rawEeg":-12}
{"rawEeg":7}
{"rawEeg":51}
{"rawEeg":61}
{"rawEeg":64}
{"rawEeg":75}
{"rawEeg":87}
{"rawEeg":100}
{"rawEeg":100}
{"rawEeg":89}
{"rawEeg":77}
{"rawEeg":64}
{"rawEeg":54}
{"rawEeg":37}
{"rawEeg":9}
{"rawEeg":9}
{"rawEeg":40}
{"rawEeg":57}
{"rawEeg":37}
{"rawEeg":11}
{"rawEeg":27}
{"rawEeg":70}
{"rawEeg":80}
{"rawEeg":49}
{"rawEeg":19}
{"rawEeg":24}
{"rawEeg":32}
{"rawEeg":11}
{"rawEeg":20}
{"rawEeg":45}
{"rawEeg":53}
{"rawEeg":53}
{"rawEeg":55}
{"rawEeg":64}
{"rawEeg":67}
{"rawEeg":57}
{"rawEeg":45}
{"rawEeg":49}
{"rawEeg":67}
{"rawEeg":89}
{"rawEeg":86}
{"rawEeg":65}
{"rawEeg":34}
{"rawEeg":2}
{"rawEeg":-6}
{"rawEeg":1}
{"rawEeg":-6}
{"rawEeg":-45}
{"rawEeg":-68}
{"rawEeg":-49}
{"rawEeg":-38}
{"rawEeg":-49}
{"rawEeg":-61}
{"rawEeg":-57}
{"rawEeg":-26}
{"rawEeg":11}
{"rawEeg":34}
{"rawEeg":42}
{"rawEeg":48}
{"rawEeg":43}
{"rawEeg":49}
{"rawEeg":71}
{"rawEeg":92}
{"rawEeg":106}
{"rawEeg":102}
{"rawEeg":96}
{"rawEeg":93}
{"rawEeg":97}
{"rawEeg":109}
{"rawEeg":120}
{"rawEeg":123}
{"rawEeg":109}
{"rawEeg":89}
{"rawEeg":84}
{"rawEeg":91}
{"rawEeg":92}
{"rawEeg":85}
{"rawEeg":81}
{"rawEeg":83}
{"rawEeg":71}
{"rawEeg":53}
{"rawEeg":41}
{"rawEeg":42}
{"rawEeg":39}
{"rawEeg":26}
{"rawEeg":33}
{"rawEeg":60}
{"rawEeg":91}
{"rawEeg":102}
{"rawEeg":87}
{"rawEeg":61}
{"rawEeg":41}
{"rawEeg":64}
{"rawEeg":105}
{"rawEeg":122}
{"rawEeg":98}
{"rawEeg":56}
{"rawEeg":40}
{"rawEeg":45}
{"rawEeg":59}
{"rawEeg":70}
{"rawEeg":64}
{"rawEeg":42}
{"rawEeg":28}
{"rawEeg":43}
{"rawEeg":81}
{"rawEeg":81}
{"rawEeg":43}
{"rawEeg":34}
{"rawEeg":60}
{"rawEeg":84}
{"rawEeg":83}
{"rawEeg":53}
{"rawEeg":22}
{"rawEeg":22}
{"rawEeg":45}
{"rawEeg":58}
{"rawEeg":52}
{"rawEeg":33}
{"rawEeg":17}
{"rawEeg":21}
{"rawEeg":34}
{"rawEeg":44}
{"rawEeg":55}
{"rawEeg":49}
{"rawEeg":32}
{"rawEeg":23}
{"rawEeg":28}
{"rawEeg":36}
{"rawEeg":48}
{"rawEeg":57}
{"rawEeg":35}
{"rawEeg":11}
{"rawEeg":43}
{"rawEeg":98}
{"rawEeg":123}
{"rawEeg":102}
{"rawEeg":49}
{"rawEeg":22}
{"rawEeg":32}
{"rawEeg":51}
{"rawEeg":66}
{"rawEeg":76}
{"rawEeg":83}
{"rawEeg":74}
{"rawEeg":57}
{"rawEeg":21}
{"rawEeg":-11}
{"rawEeg":-5}
{"rawEeg":26}
{"rawEeg":55}
{"rawEeg":59}
{"rawEeg":35}
{"rawEeg":3}
{"rawEeg":-24}
{"rawEeg":-24}
{"rawEeg":20}
{"rawEeg":67}
{"rawEeg":67}
{"rawEeg":54}
{"rawEeg":64}
{"rawEeg":68}
{"rawEeg":66}
{"rawEeg":58}
{"rawEeg":42}
{"rawEeg":39}
{"rawEeg":55}
{"rawEeg":68}
{"rawEeg":59}
{"rawEeg":41}
{"rawEeg":19}
{"rawEeg":-11}
{"rawEeg":-11}
{"rawEeg":28}
{"rawEeg":77}
{"rawEeg":90}
{"rawEeg":68}
{"rawEeg":38}
{"rawEeg":35}
{"rawEeg":40}
{"rawEeg":57}
{"rawEeg":67}
{"rawEeg":27}
{"rawEeg":-14}
{"rawEeg":-17}
{"rawEeg":2}
{"rawEeg":21}
{"rawEeg":39}
{"rawEeg":54}
{"rawEeg":49}
{"rawEeg":48}
{"rawEeg":67}
{"rawEeg":86}
{"rawEeg":74}
{"rawEeg":55}
{"rawEeg":60}
{"rawEeg":66}
{"rawEeg":56}
{"rawEeg":51}
{"rawEeg":48}
{"rawEeg":59}
{"rawEeg":75}
{"rawEeg":85}
{"rawEeg":100}
{"rawEeg":115}
{"rawEeg":100}
{"rawEeg":36}
{"rawEeg":-27}
{"rawEeg":-30}
{"rawEeg":6}
{"rawEeg":41}
{"rawEeg":90}
{"rawEeg":123}
{"rawEeg":112}
{"rawEeg":77}
{"rawEeg":65}
{"rawEeg":84}
{"rawEeg":118}
{"rawEeg":132}
{"rawEeg":119}
{"rawEeg":89}
{"rawEeg":37}
{"rawEeg":-21}
{"rawEeg":-23}
{"rawEeg":20}
{"rawEeg":68}
{"rawEeg":82}
{"rawEeg":72}
{"rawEeg":67}
{"eSense":{"attention":53,"meditation":37},"eegPower":{"delta":74765,"theta":12586,"lowAlpha":3811,"highAlpha":1273,"lowBeta":3605,"highBeta":4776,"lowGamma":2173,"highGamma":1190},"poorSignalLevel":0}
{"rawEeg":53}
{"rawEeg":41}
{"rawEeg":56}
{"rawEeg":87}
{"rawEeg":100}
{"rawEeg":96}
{"rawEeg":82}
{"rawEeg":60}
{"rawEeg":28}
{"rawEeg":12}
{"rawEeg":33}
{"rawEeg":69}
{"rawEeg":101}
{"rawEeg":113}
{"rawEeg":85}
{"rawEeg":39}
{"rawEeg":25}
{"rawEeg":48}
{"rawEeg":76}
{"rawEeg":100}
{"rawEeg":105}
{"rawEeg":83}
{"rawEeg":42}
{"rawEeg":25}
{"rawEeg":49}
{"rawEeg":70}
{"rawEeg":70}
{"rawEeg":67}
{"rawEeg":70}
{"rawEeg":55}
{"rawEeg":36}
{"rawEeg":38}
{"rawEeg":45}
{"rawEeg":20}
{"rawEeg":-27}
{"rawEeg":-41}
{"rawEeg":-11}
{"rawEeg":2}
{"rawEeg":-17}
{"rawEeg":-6}
{"rawEeg":35}
{"rawEeg":70}
{"rawEeg":81}
{"rawEeg":59}
{"rawEeg":34}
{"rawEeg":23}
{"rawEeg":28}
{"rawEeg":43}
{"rawEeg":35}
{"rawEeg":8}
{"rawEeg":4}
{"rawEeg":23}
{"rawEeg":37}
{"rawEeg":41}
{"rawEeg":38}
{"rawEeg":23}
{"rawEeg":33}
{"rawEeg":68}
{"rawEeg":100}
{"rawEeg":113}
{"rawEeg":91}
{"rawEeg":68}
{"rawEeg":58}
{"rawEeg":64}
{"rawEeg":56}
{"rawEeg":41}
{"rawEeg":23}
{"rawEeg":12}
{"rawEeg":20}
{"rawEeg":20}
{"rawEeg":-1}
{"rawEeg":-9}
{"rawEeg":-1}
{"rawEeg":9}
{"rawEeg":9}
{"rawEeg":3}
{"rawEeg":0}
{"rawEeg":-4}
{"rawEeg":-5}
{"rawEeg":7}
{"rawEeg":32}
{"rawEeg":48}
{"rawEeg":42}
{"rawEeg":42}
{"rawEeg":40}
{"rawEeg":44}
{"rawEeg":74}
{"rawEeg":86}
{"rawEeg":57}
{"rawEeg":27}
{"rawEeg":25}
{"rawEeg":33}
{"rawEeg":28}
{"rawEeg":10}
{"rawEeg":6}
{"rawEeg":19}
{"rawEeg":38}
{"rawEeg":58}
{"rawEeg":70}
{"rawEeg":64}
{"rawEeg":39}
{"rawEeg":16}
{"rawEeg":39}
{"rawEeg":101}
{"rawEeg":131}
{"rawEeg":101}
{"rawEeg":44}
{"rawEeg":26}
{"rawEeg":48}
{"rawEeg":54}
{"rawEeg":43}
{"rawEeg":23}
{"rawEeg":2}
{"rawEeg":8}
{"rawEeg":36}
{"rawEeg":52}
{"rawEeg":65}
{"rawEeg":65}
{"rawEeg":21}
{"rawEeg":-9}
{"rawEeg":21}
{"rawEeg":100}
{"rawEeg":144}
{"rawEeg":107}
{"rawEeg":54}
{"rawEeg":33}
{"rawEeg":24}
{"rawEeg":41}
{"rawEeg":69}
{"rawEeg":57}
{"rawEeg":35}
{"rawEeg":28}
{"rawEeg":53}
{"rawEeg":72}
{"rawEeg":51}
{"rawEeg":19}
{"rawEeg":7}
{"rawEeg":17}
{"rawEeg":35}
{"rawEeg":52}
{"rawEeg":56}
{"rawEeg":18}
{"rawEeg":-23}
{"rawEeg":-23}
{"rawEeg":3}
{"rawEeg":23}
{"rawEeg":24}
{"rawEeg":25}
{"rawEeg":35}
{"rawEeg":44}
{"rawEeg":55}
{"rawEeg":64}
{"rawEeg":55}
{"rawEeg":29}
{"rawEeg":22}
{"rawEeg":41}
{"rawEeg":51}
{"rawEeg":53}
{"rawEeg":49}
{"rawEeg":44}
{"rawEeg":52}
{"rawEeg":60}
{"rawEeg":64}
{"rawEeg":52}
{"rawEeg":35}
{"rawEeg":8}
{"rawEeg":22}
{"rawEeg":59}
{"rawEeg":83}
{"rawEeg":76}
{"rawEeg":52}
{"rawEeg":27}
{"rawEeg":29}
{"rawEeg":52}
{"rawEeg":53}
{"rawEeg":48}
{"rawEeg":40}
{"rawEeg":34}
{"rawEeg":17}
{"rawEeg":-4}
{"rawEeg":-3}
{"rawEeg":12}
{"rawEeg":16}
{"rawEeg":7}
{"rawEeg":24}
{"rawEeg":66}
{"rawEeg":86}
{"rawEeg":84}
{"rawEeg":65}
{"rawEeg":51}
{"rawEeg":59}
{"rawEeg":69}
{"rawEeg":49}
{"rawEeg":49}
{"rawEeg":75}
{"rawEeg":93}
{"rawEeg":80}
{"rawEeg":42}
{"rawEeg":8}
{"rawEeg":-5}
{"rawEeg":9}
{"rawEeg":36}
{"rawEeg":54}
{"rawEeg":56}
{"rawEeg":52}
{"rawEeg":42}
{"rawEeg":20}
{"rawEeg":16}
{"rawEeg":12}
{"rawEeg":11}
{"rawEeg":51}
{"rawEeg":93}
{"rawEeg":86}
{"rawEeg":29}
{"rawEeg":-21}
{"rawEeg":-9}
{"rawEeg":44}
{"rawEeg":85}
{"rawEeg":88}
{"rawEeg":75}
{"rawEeg":69}
{"rawEeg":74}
{"rawEeg":69}
{"rawEeg":53}
{"rawEeg":44}
{"rawEeg":44}
{"rawEeg":35}
{"rawEeg":24}
{"rawEeg":20}
{"rawEeg":5}
{"rawEeg":-17}
{"rawEeg":-13}
{"rawEeg":12}
{"rawEeg":40}
{"rawEeg":42}
{"rawEeg":66}
{"rawEeg":93}
{"rawEeg":100}
{"rawEeg":80}
{"rawEeg":55}
{"rawEeg":44}
{"rawEeg":61}
{"rawEeg":81}
{"rawEeg":66}
{"rawEeg":43}
{"rawEeg":43}
{"rawEeg":39}
{"rawEeg":24}
{"rawEeg":22}
{"rawEeg":33}
{"rawEeg":43}
{"rawEeg":55}
{"rawEeg":74}
{"rawEeg":88}
{"rawEeg":75}
{"rawEeg":42}
{"rawEeg":38}
{"rawEeg":75}
{"rawEeg":103}
{"rawEeg":103}
{"rawEeg":90}
{"rawEeg":86}
{"rawEeg":90}
{"rawEeg":85}
{"rawEeg":54}
{"rawEeg":40}
{"rawEeg":57}
{"rawEeg":84}
{"rawEeg":90}
{"rawEeg":75}
{"rawEeg":64}
{"rawEeg":56}
{"rawEeg":66}
{"rawEeg":85}
{"rawEeg":84}
{"rawEeg":70}
{"rawEeg":67}
{"rawEeg":45}
{"rawEeg":23}
{"rawEeg":5}
{"rawEeg":-6}
{"rawEeg":-5}
{"rawEeg":9}
{"rawEeg":25}
{"rawEeg":10}
{"rawEeg":-22}
{"rawEeg":-13}
{"rawEeg":28}
{"rawEeg":28}
{"rawEeg":-6}
{"rawEeg":-33}
{"rawEeg":-52}
{"rawEeg":-69}
{"rawEeg":-55}
{"rawEeg":-14}
{"rawEeg":21}
{"rawEeg":35}
{"rawEeg":35}
{"rawEeg":28}
{"rawEeg":28}
{"rawEeg":33}
{"rawEeg":38}
{"rawEeg":58}
{"rawEeg":84}
{"rawEeg":96}
{"rawEeg":102}
{"rawEeg":104}
{"rawEeg":88}
{"rawEeg":76}
{"rawEeg":73}
{"rawEeg":48}
{"rawEeg":27}
{"rawEeg":53}
{"rawEeg":96}
{"rawEeg":122}
{"rawEeg":101}
{"rawEeg":64}
{"rawEeg":56}
{"rawEeg":67}
{"rawEeg":66}
{"rawEeg":60}
{"rawEeg":64}
{"rawEeg":56}
{"rawEeg":53}
{"rawEeg":58}
{"rawEeg":71}
{"rawEeg":65}
{"rawEeg":57}
{"rawEeg":77}
{"rawEeg":101}
{"rawEeg":97}
{"rawEeg":80}
{"rawEeg":72}
{"rawEeg":61}
{"rawEeg":49}
{"rawEeg":50}
{"rawEeg":70}
{"rawEeg":90}
{"rawEeg":85}
{"rawEeg":60}
{"rawEeg":44}
{"rawEeg":40}
{"rawEeg":57}
{"rawEeg":57}
{"rawEeg":21}
{"rawEeg":5}
{"rawEeg":24}
{"rawEeg":40}
{"rawEeg":42}
{"rawEeg":48}
{"rawEeg":67}
{"rawEeg":80}
{"rawEeg":60}
{"rawEeg":33}
{"rawEeg":24}
{"rawEeg":34}
{"rawEeg":33}
{"rawEeg":23}
{"rawEeg":16}
{"rawEeg":9}
{"rawEeg":-1}
{"rawEeg":-4}
{"rawEeg":6}
{"rawEeg":25}
{"rawEeg":33}
{"rawEeg":29}
{"rawEeg":24}
{"rawEeg":2}
{"rawEeg":-11}
{"rawEeg":-11}
{"rawEeg":-4}
{"rawEeg":11}
{"rawEeg":-2}
{"rawEeg":-6}
{"rawEeg":35}
{"rawEeg":69}
{"rawEeg":65}
{"rawEeg":54}
{"rawEeg":67}
{"rawEeg":76}
{"rawEeg":59}
{"rawEeg":43}
{"rawEeg":40}
{"rawEeg":51}
{"rawEeg":44}
{"rawEeg":28}
{"rawEeg":23}
{"rawEeg":19}
{"rawEeg":17}
{"rawEeg":24}
{"rawEeg":37}
{"rawEeg":25}
{"rawEeg":23}
{"rawEeg":42}
{"rawEeg":42}
{"rawEeg":12}
{"rawEeg":8}
{"rawEeg":42}
{"rawEeg":82}
{"rawEeg":83}
{"rawEeg":51}
{"rawEeg":25}
{"rawEeg":35}
{"rawEeg":57}
{"rawEeg":74}
{"rawEeg":58}
{"rawEeg":28}
{"rawEeg":22}
{"rawEeg":26}
{"rawEeg":27}
{"rawEeg":33}
{"rawEeg":53}
{"rawEeg":71}
{"rawEeg":57}
{"rawEeg":34}
{"rawEeg":25}
{"rawEeg":50}
{"rawEeg":67}
{"rawEeg":51}
{"rawEeg":39}
{"rawEeg":32}
{"rawEeg":16}
{"rawEeg":0}
{"rawEeg":12}
{"rawEeg":52}
{"rawEeg":91}
{"rawEeg":104}
{"rawEeg":80}
{"rawEeg":55}
{"rawEeg":60}
{"rawEeg":74}
{"rawEeg":76}
{"rawEeg":81}
{"rawEeg":76}
{"rawEeg":67}
{"rawEeg":56}
{"rawEeg":48}
{"rawEeg":38}
{"rawEeg":32}
{"rawEeg":19}
{"rawEeg":16}
{"rawEeg":32}
{"rawEeg":53}
{"rawEeg":51}
{"rawEeg":26}
{"rawEeg":24}
{"rawEeg":33}
{"rawEeg":28}
{"rawEeg":27}
{"rawEeg":9}
{"rawEeg":1}
{"rawEeg":28}
{"rawEeg":60}
{"rawEeg":40}
{"rawEeg":-2}
{"rawEeg":-11}
{"rawEeg":34}
{"rawEeg":82}
{"rawEeg":92}
{"rawEeg":100}
{"rawEeg":107}
{"rawEeg":113}
{"rawEeg":117}
{"rawEeg":128}
{"rawEeg":123}
{"rawEeg":109}
{"rawEeg":116}
{"rawEeg":135}
{"rawEeg":138}
{"rawEeg":119}
{"rawEeg":88}
{"rawEeg":69}
{"rawEeg":59}
{"rawEeg":37}
{"rawEeg":42}
{"rawEeg":84}
{"rawEeg":117}
{"rawEeg":97}
{"rawEeg":71}
{"rawEeg":68}
{"rawEeg":70}
{"rawEeg":74}
{"rawEeg":82}
{"rawEeg":81}
{"rawEeg":87}
{"rawEeg":104}
{"rawEeg":108}
{"rawEeg":80}
{"rawEeg":50}
{"rawEeg":54}
{"rawEeg":58}
{"rawEeg":54}
{"rawEeg":59}
{"rawEeg":74}
{"rawEeg":66}
{"rawEeg":42}
{"rawEeg":23}
{"rawEeg":11}
{"rawEeg":-5}
{"rawEeg":-19}
{"rawEeg":-10}
{"rawEeg":37}
{"rawEeg":91}
{"rawEeg":108}
{"rawEeg":81}
{"rawEeg":40}
{"rawEeg":33}
{"rawEeg":65}
{"rawEeg":88}
{"rawEeg":83}
{"rawEeg":73}
{"rawEeg":76}
{"eSense":{"attention":60,"meditation":57},"eegPower":{"delta":11781,"theta":21390,"lowAlpha":6863,"highAlpha":21107,"lowBeta":6545,"highBeta":12793,"lowGamma":7349,"highGamma":1295},"poorSignalLevel":0}
{"rawEeg":75}
{"rawEeg":52}
{"rawEeg":13}
{"rawEeg":-2}
{"rawEeg":-3}
{"rawEeg":-11}
{"rawEeg":-11}
{"rawEeg":1}
{"rawEeg":17}
{"rawEeg":28}
{"rawEeg":23}
{"rawEeg":-2}
{"rawEeg":-38}
{"rawEeg":-52}
{"rawEeg":-27}
{"rawEeg":6}
{"rawEeg":34}
{"rawEeg":55}
{"rawEeg":60}
{"rawEeg":67}
{"rawEeg":70}
{"rawEeg":55}
{"rawEeg":37}
{"rawEeg":34}
{"rawEeg":18}
{"rawEeg":-13}
{"rawEeg":-28}
{"rawEeg":-19}
{"rawEeg":0}
{"rawEeg":10}
{"rawEeg":11}
{"rawEeg":5}
{"rawEeg":12}
{"rawEeg":7}
{"rawEeg":-5}
{"rawEeg":13}
{"rawEeg":75}
{"rawEeg":100}
{"rawEeg":58}
{"rawEeg":6}
{"rawEeg":-13}
{"rawEeg":-1}
{"rawEeg":24}
{"rawEeg":56}
{"rawEeg":89}
{"rawEeg":99}
{"rawEeg":68}
{"rawEeg":29}
{"rawEeg":17}
{"rawEeg":32}
{"rawEeg":56}
{"rawEeg":83}
{"rawEeg":85}
{"rawEeg":74}
{"rawEeg":60}
{"rawEeg":42}
{"rawEeg":21}
{"rawEeg":5}
{"rawEeg":5}
{"rawEeg":24}
{"rawEeg":50}
{"rawEeg":56}
{"rawEeg":28}
{"rawEeg":8}
{"rawEeg":36}
{"rawEeg":80}
{"rawEeg":82}
{"rawEeg":51}
{"rawEeg":39}
{"rawEeg":57}
{"rawEeg":73}
{"rawEeg":90}
{"rawEeg":102}
{"rawEeg":81}
{"rawEeg":16}
{"rawEeg":1}
{"rawEeg":51}
{"rawEeg":84}
{"rawEeg":75}
{"rawEeg":68}
{"rawEeg":81}
{"rawEeg":81}
{"rawEeg":68}
{"rawEeg":81}
{"rawEeg":109}
{"rawEeg":119}
{"rawEeg":113}
{"rawEeg":99}
{"rawEeg":71}
{"rawEeg":42}
{"rawEeg":9}
{"rawEeg":-7}
{"rawEeg":21}
{"rawEeg":59}
{"rawEeg":77}
{"rawEeg":80}
{"rawEeg":48}
{"rawEeg":23}
{"rawEeg":36}
{"rawEeg":64}
{"rawEeg":67}
{"rawEeg":44}
{"rawEeg":36}
{"rawEeg":12}
{"rawEeg":-28}
{"rawEeg":-49}
{"rawEeg":-34}
{"rawEeg":2}
{"rawEeg":37}
{"rawEeg":39}
{"rawEeg":22}
{"rawEeg":-7}
{"rawEeg":-25}
{"rawEeg":5}
{"rawEeg":59}
{"rawEeg":84}
{"rawEeg":64}
{"rawEeg":36}
{"rawEeg":25}
{"rawEeg":21}
{"rawEeg":22}
{"rawEeg":35}
{"rawEeg":41}
{"rawEeg":35}
{"rawEeg":33}
{"rawEeg":53}
{"rawEeg":66}
{"rawEeg":52}
{"rawEeg":21}
{"rawEeg":21}
{"rawEeg":42}
{"rawEeg":42}
{"rawEeg":24}
{"rawEeg":8}
{"rawEeg":22}
{"rawEeg":49}
{"rawEeg":69}
{"rawEeg":60}
{"rawEeg":24}
{"rawEeg":9}
{"rawEeg":24}
{"rawEeg":29}
{"rawEeg":13}
{"rawEeg":34}
{"rawEeg":82}
{"rawEeg":103}
{"rawEeg":92}
{"rawEeg":68}
{"rawEeg":51}
{"rawEeg":41}
{"rawEeg":48}
{"rawEeg":57}
{"rawEeg":55}
{"rawEeg":44}
{"rawEeg":42}
{"rawEeg":27}
{"rawEeg":1}
{"rawEeg":-2}
{"rawEeg":9}
{"rawEeg":23}
{"rawEeg":21}
{"rawEeg":33}
{"rawEeg":58}
{"rawEeg":44}
{"rawEeg":6}
{"rawEeg":-5}
{"rawEeg":20}
{"rawEeg":35}
{"rawEeg":32}
{"rawEeg":33}
{"rawEeg":29}
{"rawEeg":38}
{"rawEeg":55}
{"rawEeg":59}
{"rawEeg":51}
{"rawEeg":34}
{"rawEeg":19}
{"rawEeg":21}
{"rawEeg":39}
{"rawEeg":44}
{"rawEeg":51}
{"rawEeg":36}
{"rawEeg":2}
{"rawEeg":-35}
{"rawEeg":-52}
{"rawEeg":-23}
{"rawEeg":24}
{"rawEeg":67}
{"rawEeg":84}
{"rawEeg":69}
{"rawEeg":58}
{"rawEeg":73}
{"rawEeg":91}
{"rawEeg":84}
{"rawEeg":69}
{"rawEeg":59}
{"rawEeg":55}
{"rawEeg":49}
{"rawEeg":36}
{"rawEeg":23}
{"rawEeg":2}
{"rawEeg":-10}
{"rawEeg":-3}
{"rawEeg":7}
{"rawEeg":20}
{"rawEeg":28}
{"rawEeg":26}
{"rawEeg":24}
{"rawEeg":34}
{"rawEeg":43}
{"rawEeg":36}
{"rawEeg":11}
{"rawEeg":8}
{"rawEeg":57}
{"rawEeg":120}
{"rawEeg":129}
{"rawEeg":93}
{"rawEeg":56}
{"rawEeg":33}
{"rawEeg":25}
{"rawEeg":32}
{"rawEeg":42}
{"rawEeg":59}
{"rawEeg":80}
{"rawEeg":81}
{"rawEeg":70}
{"rawEeg":71}
{"rawEeg":68}
{"rawEeg":59}
{"rawEeg":49}
{"rawEeg":43}
{"rawEeg":49}
{"rawEeg":36}
{"rawEeg":3}
{"rawEeg":-29}
{"rawEeg":-65}
{"rawEeg":-89}
{"rawEeg":-87}
{"rawEeg":-59}
{"rawEeg":-10}
{"rawEeg":25}
{"rawEeg":33}
{"rawEeg":23}
{"rawEeg":38}
{"rawEeg":91}
{"rawEeg":134}
{"rawEeg":141}
{"rawEeg":131}
{"rawEeg":117}
{"rawEeg":97}
{"rawEeg":72}
{"rawEeg":56}
{"rawEeg":58}
{"rawEeg":66}
{"rawEeg":55}
{"rawEeg":43}
{"rawEeg":56}
{"rawEeg":83}
{"rawEeg":87}
{"rawEeg":58}
{"rawEeg":23}
{"rawEeg":22}
{"rawEeg":41}
{"rawEeg":54}
{"rawEeg":51}
{"rawEeg":44}
{"rawEeg":34}
{"rawEeg":39}
{"rawEeg":73}
{"rawEeg":100}
{"rawEeg":97}
{"rawEeg":76}
{"rawEeg":69}
{"rawEeg":61}
{"rawEeg":48}
{"rawEeg":49}
{"rawEeg":64}
{"rawEeg":66}
{"rawEeg":59}
{"rawEeg":49}
{"rawEeg":28}
{"rawEeg":13}
{"rawEeg":26}
{"rawEeg":56}
{"rawEeg":44}
{"rawEeg":6}
{"rawEeg":4}
{"rawEeg":33}
{"rawEeg":39}
{"rawEeg":16}
{"rawEeg":3}
{"rawEeg":20}
{"rawEeg":43}
{"rawEeg":53}
{"rawEeg":56}
{"rawEeg":57}
{"rawEeg":59}
{"rawEeg":55}
{"rawEeg":59}
{"rawEeg":73}
{"rawEeg":73}
{"rawEeg":65}
{"rawEeg":70}
{"rawEeg":73}
{"rawEeg":70}
{"rawEeg":60}
{"rawEeg":53}
{"rawEeg":49}
{"rawEeg":52}
{"rawEeg":52}
{"rawEeg":20}
{"rawEeg":-27}
{"rawEeg":-42}
{"rawEeg":-10}
{"rawEeg":12}
{"rawEeg":12}
{"rawEeg":17}
{"rawEeg":53}
{"rawEeg":81}
{"rawEeg":71}
{"rawEeg":59}
{"rawEeg":67}
{"rawEeg":76}
{"rawEeg":65}
{"rawEeg":54}
{"rawEeg":58}
{"rawEeg":60}
{"rawEeg":45}
{"rawEeg":22}
{"rawEeg":8}
{"rawEeg":6}
{"rawEeg":20}
{"rawEeg":36}
{"rawEeg":38}
{"rawEeg":10}
{"rawEeg":-6}
{"rawEeg":19}
{"rawEeg":45}
{"rawEeg":32}
{"rawEeg":3}
{"rawEeg":11}
{"rawEeg":56}
{"rawEeg":83}
{"rawEeg":87}
{"rawEeg":76}
{"rawEeg":60}
{"rawEeg":69}
{"rawEeg":99}
{"rawEeg":120}
{"rawEeg":109}
{"rawEeg":85}
{"rawEeg":64}
{"rawEeg":41}
{"rawEeg":28}
{"rawEeg":28}
{"rawEeg":42}
{"rawEeg":60}
{"rawEeg":67}
{"rawEeg":65}
{"rawEeg":65}
{"rawEeg":43}
{"rawEeg":12}
{"rawEeg":17}
{"rawEeg":50}
{"rawEeg":65}
{"rawEeg":49}
{"rawEeg":16}
{"rawEeg":-10}
{"rawEeg":10}
{"rawEeg":56}
{"rawEeg":84}
{"rawEeg":84}
{"rawEeg":68}
{"rawEeg":58}
{"rawEeg":58}
{"rawEeg":64}
{"rawEeg":67}
{"rawEeg":59}
{"rawEeg":66}
{"rawEeg":75}
{"rawEeg":69}
{"rawEeg":56}
{"rawEeg":53}
{"rawEeg":51}
{"rawEeg":28}
{"rawEeg":12}
{"rawEeg":34}
{"rawEeg":64}
{"rawEeg":57}
{"rawEeg":19}
{"rawEeg":6}
{"rawEeg":36}
{"rawEeg":69}
{"rawEeg":69}
{"rawEeg":75}
{"rawEeg":91}
{"rawEeg":99}
{"rawEeg":87}
{"rawEeg":64}
{"rawEeg":38}
{"rawEeg":35}
{"rawEeg":53}
{"rawEeg":81}
{"rawEeg":80}
{"rawEeg":58}
{"rawEeg":48}
{"rawEeg":56}
{"rawEeg":70}
{"rawEeg":73}
{"rawEeg":82}
{"rawEeg":85}
{"rawEeg":53}
{"rawEeg":8}
{"rawEeg":-23}
{"rawEeg":-28}
{"rawEeg":7}
{"rawEeg":41}
{"rawEeg":48}
{"rawEeg":43}
{"rawEeg":50}
{"rawEeg":49}
{"rawEeg":57}
{"rawEeg":74}
{"rawEeg":75}
{"rawEeg":84}
{"rawEeg":107}
{"rawEeg":113}
{"rawEeg":104}
{"rawEeg":82}
{"rawEeg":36}
{"rawEeg":8}
{"rawEeg":16}
{"rawEeg":43}
{"rawEeg":66}
{"rawEeg":58}
{"rawEeg":26}
{"rawEeg":24}
{"rawEeg":66}
{"rawEeg":117}
{"rawEeg":137}
{"rawEeg":107}
{"rawEeg":71}
{"rawEeg":64}
{"rawEeg":73}
{"rawEeg":61}
{"rawEeg":45}
{"rawEeg":53}
{"rawEeg":68}
{"rawEeg":49}
{"rawEeg":16}
{"rawEeg":-13}
{"rawEeg":-14}
{"rawEeg":33}
{"rawEeg":74}
{"rawEeg":59}
{"rawEeg":12}
{"rawEeg":-14}
{"rawEeg":-26}
{"rawEeg":-1}
{"rawEeg":53}
{"rawEeg":76}
{"rawEeg":69}
{"rawEeg":56}
{"rawEeg":48}
{"rawEeg":40}
{"rawEeg":61}
{"rawEeg":97}
{"rawEeg":101}
{"rawEeg":69}
{"rawEeg":19}
{"rawEeg":-7}
{"rawEeg":0}
{"rawEeg":20}
{"rawEeg":24}
{"rawEeg":21}
{"rawEeg":20}
{"rawEeg":21}
{"rawEeg":21}
{"rawEeg":18}
{"rawEeg":21}
{"rawEeg":27}
{"rawEeg":10}
{"rawEeg":-14}
{"rawEeg":-21}
{"rawEeg":4}
{"rawEeg":12}
{"rawEeg":-2}
{"rawEeg":-6}
{"rawEeg":-5}
{"rawEeg":-13}
{"rawEeg":-26}
{"rawEeg":-33}
{"rawEeg":-57}
{"rawEeg":-85}
{"rawEeg":-57}
{"rawEeg":-11}
{"rawEeg":-1}
{"rawEeg":-9}
{"rawEeg":-25}
{"rawEeg":-33}
{"rawEeg":-37}
{"rawEeg":-57}
{"rawEeg":-41}
{"rawEeg":5}
{"rawEeg":38}
{"rawEeg":21}
{"rawEeg":-11}
{"rawEeg":-20}
{"rawEeg":-19}
{"rawEeg":2}
{"rawEeg":19}
{"rawEeg":17}
{"eSense":{"attention":67,"meditation":57},"eegPower":{"delta":30569,"theta":6815,"lowAlpha":7360,"highAlpha":14366,"lowBeta":6810,"highBeta":27970,"lowGamma":8350,"highGamma":3086},"poorSignalLevel":0}
{"rawEeg":5}
{"rawEeg":-1}
{"rawEeg":8}
{"rawEeg":11}
{"rawEeg":7}
{"rawEeg":6}
{"rawEeg":24}
{"rawEeg":48}
{"rawEeg":56}
{"rawEeg":67}
{"rawEeg":74}
{"rawEeg":49}
{"rawEeg":11}
{"rawEeg":-7}
{"rawEeg":-3}
{"rawEeg":13}
{"rawEeg":22}
{"rawEeg":23}
{"rawEeg":20}
{"rawEeg":28}
{"rawEeg":66}
{"rawEeg":96}
{"rawEeg":92}
{"rawEeg":83}
{"rawEeg":92}
{"rawEeg":88}
{"rawEeg":80}
{"rawEeg":101}
{"rawEeg":121}
{"rawEeg":105}
{"rawEeg":86}
{"rawEeg":64}
{"rawEeg":36}
{"rawEeg":39}
{"rawEeg":76}
{"rawEeg":108}
{"rawEeg":102}
{"rawEeg":84}
{"rawEeg":70}
{"rawEeg":56}
{"rawEeg":52}
{"rawEeg":49}
{"rawEeg":55}
{"rawEeg":75}
{"rawEeg":101}
{"rawEeg":100}
{"rawEeg":71}
{"rawEeg":57}
{"rawEeg":68}
{"rawEeg":75}
{"rawEeg":83}
{"rawEeg":83}
{"rawEeg":72}
{"rawEeg":61}
{"rawEeg":59}
{"rawEeg":65}
{"rawEeg":73}
{"rawEeg":64}
{"rawEeg":54}
{"rawEeg":80}
{"rawEeg":114}
{"rawEeg":117}
{"rawEeg":103}
{"rawEeg":100}
{"rawEeg":89}
{"rawEeg":70}
{"rawEeg":58}
{"rawEeg":59}
{"rawEeg":66}
{"rawEeg":60}
{"rawEeg":50}
{"rawEeg":42}
{"rawEeg":56}
{"rawEeg":71}
{"rawEeg":72}
{"rawEeg":50}
{"rawEeg":42}
{"rawEeg":76}
{"rawEeg":107}
{"rawEeg":90}
{"rawEeg":60}
{"rawEeg":52}
{"rawEeg":33}
{"rawEeg":18}
{"rawEeg":11}
{"rawEeg":12}
{"rawEeg":17}
{"rawEeg":21}
{"rawEeg":32}
{"rawEeg":43}
{"rawEeg":43}
{"rawEeg":28}
{"rawEeg":27}
{"rawEeg":23}
{"rawEeg":24}
{"rawEeg":44}
{"rawEeg":54}
{"rawEeg":44}
{"rawEeg":40}
{"rawEeg":37}
{"rawEeg":18}
{"rawEeg":12}
{"rawEeg":44}
{"rawEeg":74}
{"rawEeg":73}
{"rawEeg":56}
{"rawEeg":51}
{"rawEeg":49}
{"rawEeg":49}
{"rawEeg":55}
{"rawEeg":70}
{"rawEeg":98}
{"rawEeg":109}
{"rawEeg":109}
{"rawEeg":103}
{"rawEeg":85}
{"rawEeg":68}
{"rawEeg":56}
{"rawEeg":48}
{"rawEeg":39}
{"rawEeg":28}
{"rawEeg":21}
{"rawEeg":-7}
{"rawEeg":-27}
{"rawEeg":-21}
{"rawEeg":-22}
{"rawEeg":-14}
{"rawEeg":16}
{"rawEeg":55}
{"rawEeg":81}
{"rawEeg":91}
{"rawEeg":80}
{"rawEeg":41}
{"rawEeg":10}
{"rawEeg":2}
{"rawEeg":12}
{"rawEeg":34}
{"rawEeg":40}
{"rawEeg":26}
{"rawEeg":9}
{"rawEeg":11}
{"rawEeg":35}
{"rawEeg":48}
{"rawEeg":24}
{"rawEeg":9}
{"rawEeg":29}
{"rawEeg":53}
{"rawEeg":43}
{"rawEeg":22}
{"rawEeg":13}
{"rawEeg":22}
{"rawEeg":40}
{"rawEeg":64}
{"rawEeg":73}
{"rawEeg":86}
{"rawEeg":81}
{"rawEeg":48}
{"rawEeg":8}
{"rawEeg":1}
{"rawEeg":22}
{"rawEeg":49}
{"rawEeg":59}
{"rawEeg":53}
{"rawEeg":38}
{"rawEeg":18}
{"rawEeg":7}
{"rawEeg":-11}
{"rawEeg":-49}
{"rawEeg":-51}
{"rawEeg":-22}
{"rawEeg":-14}
{"rawEeg":-7}
{"rawEeg":24}
{"rawEeg":52}
{"rawEeg":68}
{"rawEeg":89}
{"rawEeg":105}
{"rawEeg":105}
{"rawEeg":113}
{"rawEeg":128}
{"rawEeg":121}
{"rawEeg":101}
{"rawEeg":76}
{"rawEeg":58}
{"rawEeg":54}
{"rawEeg":69}
{"rawEeg":84}
{"rawEeg":77}
{"rawEeg":69}
{"rawEeg":64}
{"rawEeg":66}
{"rawEeg":80}
{"rawEeg":89}
{"rawEeg":53}
{"rawEeg":6}
{"rawEeg":11}
{"rawEeg":61}
{"rawEeg":104}
{"rawEeg":112}
{"rawEeg":84}
{"rawEeg":58}
{"rawEeg":58}
{"rawEeg":60}
{"rawEeg":66}
{"rawEeg":82}
{"rawEeg":87}
{"rawEeg":77}
{"rawEeg":59}
{"rawEeg":40}
{"rawEeg":17}
{"rawEeg":7}
{"rawEeg":29}
{"rawEeg":60}
{"rawEeg":64}
{"rawEeg":29}
{"rawEeg":9}
{"rawEeg":17}
{"rawEeg":22}
{"rawEeg":12}
{"rawEeg":-12}
{"rawEeg":-37}
{"rawEeg":-13}
{"rawEeg":37}
{"rawEeg":60}
{"rawEeg":28}
{"rawEeg":-4}
{"rawEeg":-3}
{"rawEeg":26}
{"rawEeg":68}
{"rawEeg":86}
{"rawEeg":64}
{"rawEeg":32}
{"rawEeg":33}
{"rawEeg":41}
{"rawEeg":42}
{"rawEeg":39}
{"rawEeg":38}
{"rawEeg":45}
{"rawEeg":71}
{"rawEeg":89}
{"rawEeg":83}
{"rawEeg":51}
{"rawEeg":33}
{"rawEeg":35}
{"rawEeg":41}
{"rawEeg":45}
{"rawEeg":52}
{"rawEeg":60}
{"rawEeg":38}
{"rawEeg":1}
{"rawEeg":12}
{"rawEeg":54}
{"rawEeg":57}
{"rawEeg":34}
{"rawEeg":22}
{"rawEeg":38}
{"rawEeg":59}
{"rawEeg":71}
{"rawEeg":74}
{"rawEeg":57}
{"rawEeg":20}
{"rawEeg":3}
{"rawEeg":16}
{"rawEeg":38}
{"rawEeg":44}
{"rawEeg":36}
{"rawEeg":17}
{"rawEeg":-4}
{"rawEeg":1}
{"rawEeg":33}
{"rawEeg":43}
{"rawEeg":39}
{"rawEeg":42}
{"rawEeg":43}
{"rawEeg":42}
{"rawEeg":43}
{"rawEeg":34}
{"rawEeg":16}
{"rawEeg":10}
{"rawEeg":9}
{"rawEeg":18}
{"rawEeg":25}
{"rawEeg":17}
{"rawEeg":17}
{"rawEeg":22}
{"rawEeg":26}
{"rawEeg":33}
{"rawEeg":33}
{"rawEeg":28}
{"rawEeg":12}
{"rawEeg":5}
{"rawEeg":3}
{"rawEeg":1}
{"rawEeg":-6}
{"rawEeg":-17}
{"rawEeg":-38}
{"rawEeg":-53}
{"rawEeg":-10}
{"rawEeg":65}
{"rawEeg":99}
{"rawEeg":75}
{"rawEeg":48}
{"rawEeg":13}
{"rawEeg":-4}
{"rawEeg":12}
{"rawEeg":45}
{"rawEeg":73}
{"rawEeg":85}
{"rawEeg":61}
{"rawEeg":35}
{"rawEeg":28}
{"rawEeg":38}
{"rawEeg":48}
{"rawEeg":54}
{"rawEeg":67}
{"rawEeg":81}
{"rawEeg":84}
{"rawEeg":75}
{"rawEeg":58}
{"rawEeg":50}
{"rawEeg":51}
{"rawEeg":60}
{"rawEeg":70}
{"rawEeg":80}
{"rawEeg":74}
{"rawEeg":32}
{"rawEeg":19}
{"rawEeg":53}
{"rawEeg":76}
{"rawEeg":76}
{"rawEeg":39}
{"rawEeg":25}
{"rawEeg":66}
{"rawEeg":98}
{"rawEeg":105}
{"rawEeg":109}
{"rawEeg":108}
{"rawEeg":91}
{"rawEeg":69}
{"rawEeg":57}
{"rawEeg":55}
{"rawEeg":59}
{"rawEeg":72}
{"rawEeg":74}
{"rawEeg":71}
{"rawEeg":61}
{"rawEeg":35}
{"rawEeg":35}
{"rawEeg":69}
{"rawEeg":105}
{"rawEeg":129}
{"rawEeg":115}
{"rawEeg":76}
{"rawEeg":50}
{"rawEeg":38}
{"rawEeg":35}
{"rawEeg":48}
{"rawEeg":70}
{"rawEeg":80}
{"rawEeg":74}
{"rawEeg":55}
{"rawEeg":9}
{"rawEeg":-20}
{"rawEeg":0}
{"rawEeg":36}
{"rawEeg":53}
{"rawEeg":50}
{"rawEeg":36}
{"rawEeg":28}
{"rawEeg":21}
{"rawEeg":44}
{"rawEeg":81}
{"rawEeg":112}
{"rawEeg":105}
{"rawEeg":71}
{"rawEeg":48}
{"rawEeg":49}
{"rawEeg":41}
{"rawEeg":23}
{"rawEeg":29}
{"rawEeg":42}
{"rawEeg":34}
{"rawEeg":33}
{"rawEeg":44}
{"rawEeg":65}
{"rawEeg":70}
{"rawEeg":44}
{"rawEeg":0}
{"rawEeg":-29}
{"rawEeg":-5}
{"rawEeg":41}
{"rawEeg":59}
{"rawEeg":71}
{"rawEeg":91}
{"rawEeg":115}
{"rawEeg":121}
{"rawEeg":116}
{"rawEeg":102}
{"rawEeg":73}
{"rawEeg":37}
{"rawEeg":10}
{"rawEeg":19}
{"rawEeg":40}
{"rawEeg":56}
{"rawEeg":76}
{"rawEeg":77}
{"rawEeg":66}
{"rawEeg":86}
{"rawEeg":137}
{"rawEeg":170}
{"rawEeg":186}
{"rawEeg":202}
{"rawEeg":209}
{"rawEeg":201}
{"rawEeg":201}
{"rawEeg":241}
{"rawEeg":267}
{"rawEeg":269}
{"rawEeg":307}
{"rawEeg":354}
{"rawEeg":361}
{"rawEeg":363}
{"rawEeg":381}
{"rawEeg":391}
{"rawEeg":388}
{"rawEeg":384}
{"rawEeg":396}
{"rawEeg":425}
{"rawEeg":435}
{"rawEeg":406}
{"rawEeg":389}
{"rawEeg":408}
{"rawEeg":411}
{"rawEeg":369}
{"rawEeg":307}
{"rawEeg":295}
{"rawEeg":323}
{"rawEeg":321}
{"rawEeg":267}
{"rawEeg":230}
{"rawEeg":251}
{"rawEeg":280}
{"rawEeg":280}
{"rawEeg":252}
{"rawEeg":217}
{"rawEeg":210}
{"rawEeg":209}
{"rawEeg":170}
{"rawEeg":112}
{"rawEeg":69}
{"rawEeg":56}
{"rawEeg":57}
{"rawEeg":35}
{"rawEeg":-13}
{"rawEeg":-72}
{"rawEeg":-105}
{"rawEeg":-84}
{"rawEeg":-44}
{"rawEeg":-53}
{"rawEeg":-75}
{"rawEeg":-82}
{"rawEeg":-87}
{"rawEeg":-129}
{"rawEeg":-188}
{"rawEeg":-209}
{"rawEeg":-185}
{"rawEeg":-174}
{"rawEeg":-189}
{"rawEeg":-210}
{"rawEeg":-237}
{"rawEeg":-262}
{"rawEeg":-260}
{"rawEeg":-249}
{"rawEeg":-253}
{"rawEeg":-263}
{"rawEeg":-257}
{"rawEeg":-253}
{"rawEeg":-259}
{"rawEeg":-260}
{"rawEeg":-280}
{"rawEeg":-309}
{"rawEeg":-307}
{"rawEeg":-289}
{"rawEeg":-286}
{"rawEeg":-294}
{"rawEeg":-285}
{"rawEeg":-267}
{"rawEeg":-242}
{"rawEeg":-217}
{"rawEeg":-209}
{"rawEeg":-214}
{"rawEeg":-226}
{"rawEeg":-221}
{"rawEeg":-203}
{"rawEeg":-186}
{"rawEeg":-177}
{"rawEeg":-188}
{"rawEeg":-209}
{"rawEeg":-219}
{"rawEeg":-219}
{"rawEeg":-206}
{"rawEeg":-188}
{"rawEeg":-173}
{"rawEeg":-177}
{"rawEeg":-197}
{"rawEeg":-215}
{"rawEeg":-194}
{"rawEeg":-132}
{"rawEeg":-76}
{"rawEeg":-61}
{"rawEeg":-71}
{"rawEeg":-87}
{"eSense":{"attention":53,"meditation":41},"eegPower":{"delta":103314,"theta":118211,"lowAlpha":6015,"highAlpha":3609,"lowBeta":27281,"highBeta":13432,"lowGamma":8994,"highGamma":7683},"poorSignalLevel":0}
{"rawEeg":-100}
{"rawEeg":-86}
{"rawEeg":-74}
{"rawEeg":-66}
{"rawEeg":-53}
{"rawEeg":-51}
{"rawEeg":-71}
{"rawEeg":-99}
{"rawEeg":-94}
{"rawEeg":-55}
{"rawEeg":-26}
{"rawEeg":-26}
{"rawEeg":-35}
{"rawEeg":-44}
{"rawEeg":-73}
{"rawEeg":-92}
{"rawEeg":-77}
{"rawEeg":-59}
{"rawEeg":-60}
{"rawEeg":-70}
{"blinkStrength":46}
{"rawEeg":-72}
{"rawEeg":-68}
{"rawEeg":-42}
{"rawEeg":-6}
{"rawEeg":7}
{"rawEeg":17}
{"rawEeg":49}
{"rawEeg":49}
{"rawEeg":21}
{"rawEeg":1}
{"rawEeg":13}
{"rawEeg":58}
{"rawEeg":77}
{"rawEeg":52}
{"rawEeg":18}
{"rawEeg":8}
{"rawEeg":9}
{"rawEeg":1}
{"rawEeg":-3}
{"rawEeg":5}
{"rawEeg":27}
{"rawEeg":36}
{"rawEeg":25}
{"rawEeg":43}
{"rawEeg":67}
{"rawEeg":84}
{"rawEeg":85}
{"rawEeg":80}
{"rawEeg":75}
{"rawEeg":91}
{"rawEeg":115}
{"rawEeg":121}
{"rawEeg":116}
{"rawEeg":106}
{"rawEeg":101}
{"rawEeg":89}
{"rawEeg":89}
{"rawEeg":106}
{"rawEeg":112}
{"rawEeg":84}
{"rawEeg":65}
{"rawEeg":69}
{"rawEeg":93}
{"rawEeg":121}
{"rawEeg":118}
{"rawEeg":88}
{"rawEeg":66}
{"rawEeg":58}
{"rawEeg":54}
{"rawEeg":42}
{"rawEeg":71}
{"rawEeg":99}
{"rawEeg":75}
{"rawEeg":28}
{"rawEeg":27}
{"rawEeg":49}
{"rawEeg":58}
{"rawEeg":70}
{"rawEeg":92}
{"rawEeg":118}
{"rawEeg":114}
{"rawEeg":91}
{"rawEeg":87}
{"rawEeg":99}
{"rawEeg":99}
{"rawEeg":83}
{"rawEeg":82}
{"rawEeg":91}
{"rawEeg":101}
{"rawEeg":99}
{"rawEeg":87}
{"rawEeg":69}
{"rawEeg":60}
{"rawEeg":66}
{"rawEeg":70}
{"rawEeg":81}
{"rawEeg":77}
{"rawEeg":67}
{"rawEeg":70}
{"rawEeg":97}
{"rawEeg":115}
{"rawEeg":108}
{"rawEeg":106}
{"rawEeg":113}
{"rawEeg":132}
{"rawEeg":138}
{"rawEeg":98}
{"rawEeg":36}
{"rawEeg":20}
{"rawEeg":33}
{"rawEeg":38}
{"rawEeg":28}
{"rawEeg":4}
{"rawEeg":-9}
{"rawEeg":-3}
{"rawEeg":11}
{"rawEeg":17}
{"rawEeg":8}
{"rawEeg":4}
{"rawEeg":56}
{"rawEeg":137}
{"rawEeg":170}
{"rawEeg":140}
{"rawEeg":105}
{"rawEeg":109}
{"rawEeg":152}
{"rawEeg":186}
{"rawEeg":185}
{"rawEeg":168}
{"rawEeg":160}
{"rawEeg":145}
{"rawEeg":109}
{"rawEeg":77}
{"rawEeg":67}
{"rawEeg":57}
{"rawEeg":53}
{"rawEeg":70}
{"rawEeg":92}
{"rawEeg":98}
{"rawEeg":72}
{"rawEeg":49}
{"rawEeg":61}
{"rawEeg":81}
{"rawEeg":80}
{"rawEeg":67}
{"rawEeg":72}
{"rawEeg":89}
{"rawEeg":101}
{"rawEeg":86}
{"rawEeg":48}
{"rawEeg":13}
{"rawEeg":21}
{"rawEeg":50}
{"rawEeg":77}
{"rawEeg":97}
{"rawEeg":103}
{"rawEeg":84}
{"rawEeg":59}
{"rawEeg":55}
{"rawEeg":67}
{"rawEeg":81}
{"rawEeg":70}
{"rawEeg":38}
{"rawEeg":21}
{"rawEeg":21}
{"rawEeg":20}
{"rawEeg":25}
{"rawEeg":39}
{"rawEeg":38}
{"rawEeg":19}
{"rawEeg":25}
{"rawEeg":74}
{"rawEeg":92}
{"rawEeg":75}
{"rawEeg":34}
{"rawEeg":-4}
{"rawEeg":17}
{"rawEeg":69}
{"rawEeg":114}
{"rawEeg":132}
{"rawEeg":117}
{"rawEeg":88}
{"rawEeg":75}
{"rawEeg":80}
{"rawEeg":83}
{"rawEeg":88}
{"rawEeg":92}
{"rawEeg":91}
{"rawEeg":72}
{"rawEeg":50}
{"rawEeg":45}
{"rawEeg":59}
{"rawEeg":71}
{"rawEeg":72}
{"rawEeg":85}
{"rawEeg":103}
{"rawEeg":93}
{"rawEeg":70}
{"rawEeg":39}
{"rawEeg":-1}
{"rawEeg":-11}
{"rawEeg":25}
{"rawEeg":73}
{"rawEeg":85}
{"rawEeg":74}
{"rawEeg":68}
{"rawEeg":58}
{"rawEeg":42}
{"rawEeg":36}
{"rawEeg":42}
{"rawEeg":60}
{"rawEeg":73}
{"rawEeg":65}
{"rawEeg":48}
{"rawEeg":51}
{"rawEeg":58}
{"rawEeg":69}
{"rawEeg":75}
{"rawEeg":80}
{"rawEeg":76}
{"rawEeg":75}
{"rawEeg":59}
{"rawEeg":38}
{"rawEeg":20}
{"rawEeg":20}
{"rawEeg":13}
{"rawEeg":6}
{"rawEeg":36}
{"rawEeg":82}
{"rawEeg":120}
{"rawEeg":144}
{"rawEeg":138}
{"rawEeg":119}
{"rawEeg":103}
{"rawEeg":97}
{"rawEeg":85}
{"rawEeg":57}
{"rawEeg":39}
{"rawEeg":45}
{"rawEeg":45}
{"rawEeg":9}
{"rawEeg":-28}
{"rawEeg":-49}
{"rawEeg":-26}
{"rawEeg":3}
{"rawEeg":5}
{"rawEeg":-7}
{"rawEeg":-1}
{"rawEeg":39}
{"rawEeg":73}
{"rawEeg":77}
{"rawEeg":59}
{"rawEeg":38}
{"rawEeg":49}
{"rawEeg":84}
{"rawEeg":112}
{"rawEeg":113}
{"rawEeg":83}
{"rawEeg":50}
{"rawEeg":26}
{"rawEeg":22}
{"rawEeg":36}
{"rawEeg":48}
{"rawEeg":37}
{"rawEeg":42}
{"rawEeg":69}
{"rawEeg":67}
{"rawEeg":54}
{"rawEeg":58}
{"rawEeg":71}
{"rawEeg":76}
{"rawEeg":75}
{"rawEeg":76}
{"rawEeg":75}
{"rawEeg":66}
{"rawEeg":52}
{"rawEeg":33}
{"rawEeg":19}
{"rawEeg":33}
{"rawEeg":69}
{"rawEeg":88}
{"rawEeg":85}
{"rawEeg":86}
{"rawEeg":85}
{"rawEeg":87}
{"rawEeg":97}
{"rawEeg":103}
{"rawEeg":109}
{"rawEeg":100}
{"rawEeg":76}
{"rawEeg":65}
{"rawEeg":55}
{"rawEeg":41}
{"rawEeg":22}
{"rawEeg":8}
{"rawEeg":8}
{"rawEeg":26}
{"rawEeg":35}
{"rawEeg":33}
{"rawEeg":37}
{"rawEeg":59}
{"rawEeg":93}
{"rawEeg":109}
{"rawEeg":99}
{"rawEeg":97}
{"rawEeg":113}
{"rawEeg":128}
{"rawEeg":115}
{"rawEeg":86}
{"rawEeg":59}
{"rawEeg":23}
{"rawEeg":7}
{"rawEeg":37}
{"rawEeg":81}
{"rawEeg":91}
{"rawEeg":87}
{"rawEeg":82}
{"rawEeg":88}
{"rawEeg":88}
{"rawEeg":74}
{"rawEeg":69}
{"rawEeg":81}
{"rawEeg":68}
{"rawEeg":54}
{"rawEeg":49}
{"rawEeg":25}
{"rawEeg":8}
{"rawEeg":11}
{"rawEeg":10}
{"rawEeg":8}
{"rawEeg":25}
{"rawEeg":49}
{"rawEeg":38}
{"rawEeg":20}
{"rawEeg":38}
{"rawEeg":49}
{"rawEeg":23}
{"rawEeg":12}
{"rawEeg":12}
{"rawEeg":6}
{"rawEeg":4}
{"rawEeg":23}
{"rawEeg":44}
{"rawEeg":34}
{"rawEeg":6}
{"rawEeg":-17}
{"rawEeg":-37}
{"rawEeg":-49}
{"rawEeg":-33}
{"rawEeg":-1}
{"rawEeg":19}
{"rawEeg":19}
{"rawEeg":9}
{"rawEeg":13}
{"rawEeg":11}
{"rawEeg":3}
{"rawEeg":4}
{"rawEeg":20}
{"rawEeg":21}
{"rawEeg":8}
{"rawEeg":2}
{"rawEeg":5}
{"rawEeg":-1}
{"rawEeg":-24}
{"rawEeg":-38}
{"rawEeg":-26}
{"rawEeg":4}
{"rawEeg":36}
{"rawEeg":40}
{"rawEeg":24}
{"rawEeg":4}
{"rawEeg":-2}
{"rawEeg":5}
{"rawEeg":12}
{"rawEeg":0}
{"rawEeg":-4}
{"rawEeg":18}
{"rawEeg":45}
{"rawEeg":69}
{"rawEeg":82}
{"rawEeg":83}
{"rawEeg":67}
{"rawEeg":54}
{"rawEeg":71}
{"rawEeg":82}
{"rawEeg":69}
{"rawEeg":39}
{"rawEeg":8}
{"rawEeg":0}
{"rawEeg":3}
{"rawEeg":26}
{"rawEeg":57}
{"rawEeg":64}
{"rawEeg":77}
{"rawEeg":115}
{"rawEeg":145}
{"rawEeg":161}
{"rawEeg":148}
{"rawEeg":133}
{"rawEeg":138}
{"rawEeg":154}
{"rawEeg":167}
{"rawEeg":161}
{"rawEeg":138}
{"rawEeg":128}
{"rawEeg":123}
{"rawEeg":121}
{"rawEeg":121}
{"rawEeg":124}
{"rawEeg":136}
{"rawEeg":125}
{"rawEeg":99}
{"rawEeg":76}
{"rawEeg":72}
{"rawEeg":72}
{"rawEeg":80}
{"rawEeg":71}
{"rawEeg":28}
{"rawEeg":2}
{"rawEeg":9}
{"rawEeg":33}
{"rawEeg":27}
{"rawEeg":0}
{"rawEeg":7}
{"rawEeg":53}
{"rawEeg":82}
{"rawEeg":85}
{"rawEeg":72}
{"rawEeg":59}
{"rawEeg":54}
{"rawEeg":54}
{"rawEeg":40}
{"rawEeg":9}
{"rawEeg":4}
{"rawEeg":25}
{"rawEeg":39}
{"rawEeg":5}
{"rawEeg":-28}
{"rawEeg":-12}
{"rawEeg":44}
{"rawEeg":93}
{"rawEeg":101}
{"rawEeg":72}
{"rawEeg":53}
{"rawEeg":45}
{"rawEeg":59}
{"rawEeg":86}
{"rawEeg":99}
{"rawEeg":100}
{"rawEeg":96}
{"rawEeg":89}
{"rawEeg":81}
{"rawEeg":77}
{"rawEeg":56}
{"rawEeg":22}
{"rawEeg":0}
{"rawEeg":1}
{"rawEeg":18}
{"rawEeg":32}
{"rawEeg":28}
{"rawEeg":17}
{"rawEeg":9}
{"rawEeg":19}
{"rawEeg":23}
{"rawEeg":26}
{"rawEeg":40}
{"rawEeg":41}
{"rawEeg":25}
{"rawEeg":19}
{"rawEeg":8}
{"rawEeg":4}
{"rawEeg":-1}
{"rawEeg":-8}
{"rawEeg":-3}
{"rawEeg":20}
{"rawEeg":38}
{"rawEeg":49}
{"rawEeg":57}
{"rawEeg":56}
{"rawEeg":43}
{"rawEeg":33}
{"rawEeg":52}
{"rawEeg":84}
{"rawEeg":85}
{"rawEeg":51}
{"rawEeg":27}
{"rawEeg":54}
{"rawEeg":87}
{"rawEeg":88}
{"rawEeg":68}
{"rawEeg":39}
{"rawEeg":25}
{"rawEeg":33}
{"rawEeg":55}
{"rawEeg":85}
{"rawEeg":99}
{"rawEeg":66}
{"rawEeg":28}
{"rawEeg":24}
{"rawEeg":32}
{"rawEeg":33}
{"rawEeg":27}
{"rawEeg":28}
{"rawEeg":37}
{"rawEeg":51}
{"rawEeg":64}
{"rawEeg":52}
{"rawEeg":19}
{"rawEeg":5}
{"rawEeg":16}
{"rawEeg":11}
{"rawEeg":20}
{"eSense":{"attention":53,"meditation":43},"eegPower":{"delta":74843,"theta":67660,"lowAlpha":5068,"highAlpha":23229,"lowBeta":11101,"highBeta":26676,"lowGamma":14542,"highGamma":4528},"poorSignalLevel":0}
{"rawEeg":45}
{"rawEeg":55}
{"rawEeg":40}
{"rawEeg":12}
{"rawEeg":12}
{"rawEeg":33}
{"rawEeg":40}
{"rawEeg":38}
{"rawEeg":27}
{"rawEeg":25}
{"rawEeg":18}
{"rawEeg":8}
{"rawEeg":20}
{"rawEeg":48}
{"rawEeg":56}
{"rawEeg":45}
{"rawEeg":18}
{"rawEeg":-9}
{"rawEeg":-11}
{"rawEeg":13}
{"rawEeg":44}
{"rawEeg":38}
{"rawEeg":8}
{"rawEeg":0}
{"rawEeg":24}
{"rawEeg":57}
{"rawEeg":75}
{"rawEeg":88}
{"rawEeg":86}
{"rawEeg":60}
{"rawEeg":39}
{"rawEeg":27}
{"rawEeg":12}
{"rawEeg":3}
{"rawEeg":12}
{"rawEeg":34}
{"rawEeg":35}
{"rawEeg":9}
{"rawEeg":-22}
{"rawEeg":-38}
{"rawEeg":-35}
{"rawEeg":-27}
{"rawEeg":-29}
{"rawEeg":-28}
{"rawEeg":-19}
{"rawEeg":-8}
{"rawEeg":-3}
{"rawEeg":-8}
{"rawEeg":-9}
{"rawEeg":10}
{"rawEeg":37}
{"rawEeg":42}
{"rawEeg":54}
{"rawEeg":61}
{"rawEeg":57}
{"rawEeg":34}
{"rawEeg":24}
{"rawEeg":59}
{"rawEeg":92}
{"rawEeg":105}
{"rawEeg":103}
{"rawEeg":88}
{"rawEeg":89}
{"rawEeg":107}
{"rawEeg":114}
{"rawEeg":107}
{"rawEeg":108}
{"rawEeg":100}
{"rawEeg":80}
{"rawEeg":72}
{"rawEeg":72}
{"rawEeg":60}
{"rawEeg":56}
{"rawEeg":58}
{"rawEeg":66}
{"rawEeg":83}
{"rawEeg":99}
{"rawEeg":58}
{"rawEeg":-4}
{"rawEeg":8}
{"rawEeg":70}
{"rawEeg":134}
{"rawEeg":167}
{"rawEeg":171}
{"rawEeg":165}
{"rawEeg":164}
{"rawEeg":197}
{"rawEeg":245}
{"rawEeg":269}
{"rawEeg":266}
{"rawEeg":264}
{"rawEeg":276}
{"rawEeg":316}
{"rawEeg":356}
{"rawEeg":347}
{"rawEeg":315}
{"rawEeg":306}
{"rawEeg":336}
{"rawEeg":390}
{"rawEeg":403}
{"rawEeg":388}
{"rawEeg":376}
{"rawEeg":370}
{"rawEeg":345}
{"rawEeg":336}
{"rawEeg":326}
{"rawEeg":309}
{"rawEeg":285}
{"rawEeg":283}
{"rawEeg":304}
{"rawEeg":304}
{"rawEeg":275}
{"rawEeg":252}
{"rawEeg":260}
{"rawEeg":268}
{"rawEeg":242}
{"rawEeg":205}
{"rawEeg":188}
{"rawEeg":170}
{"rawEeg":145}
{"rawEeg":119}
{"rawEeg":118}
{"rawEeg":121}
{"rawEeg":108}
{"rawEeg":60}
{"rawEeg":27}
{"rawEeg":29}
{"rawEeg":33}
{"rawEeg":20}
{"rawEeg":-22}
{"rawEeg":-77}
{"rawEeg":-116}
{"rawEeg":-122}
{"rawEeg":-98}
{"rawEeg":-76}
{"rawEeg":-92}
{"rawEeg":-124}
{"rawEeg":-151}
{"rawEeg":-161}
{"rawEeg":-165}
{"rawEeg":-167}
{"rawEeg":-178}
{"rawEeg":-200}
{"rawEeg":-209}
{"rawEeg":-201}
{"rawEeg":-197}
{"rawEeg":-211}
{"rawEeg":-226}
{"rawEeg":-225}
{"rawEeg":-228}
{"rawEeg":-228}
{"rawEeg":-228}
{"rawEeg":-247}
{"rawEeg":-276}
{"rawEeg":-275}
{"rawEeg":-242}
{"rawEeg":-200}
{"rawEeg":-196}
{"rawEeg":-225}
{"rawEeg":-254}
{"rawEeg":-245}
{"rawEeg":-229}
{"rawEeg":-217}
{"rawEeg":-187}
{"rawEeg":-185}
{"rawEeg":-187}
{"rawEeg":-189}
{"rawEeg":-171}
{"rawEeg":-151}
{"rawEeg":-124}
{"rawEeg":-106}
{"rawEeg":-105}
{"rawEeg":-122}
{"rawEeg":-129}
{"rawEeg":-130}
{"rawEeg":-141}
{"rawEeg":-155}
{"rawEeg":-154}
{"rawEeg":-142}
{"rawEeg":-130}
{"rawEeg":-125}
{"rawEeg":-121}
{"rawEeg":-88}
{"rawEeg":-52}
{"rawEeg":-50}
{"rawEeg":-70}
{"rawEeg":-87}
{"rawEeg":-93}
{"rawEeg":-84}
{"blinkStrength":42}
{"rawEeg":-57}
{"rawEeg":-37}
{"rawEeg":-35}
{"rawEeg":-35}
{"rawEeg":-34}
{"rawEeg":-40}
{"rawEeg":-14}
{"rawEeg":25}
{"rawEeg":41}
{"rawEeg":44}
{"rawEeg":34}
{"rawEeg":5}
{"rawEeg":12}
{"rawEeg":26}
{"rawEeg":39}
{"rawEeg":50}
{"rawEeg":27}
{"rawEeg":26}
{"rawEeg":41}
{"rawEeg":33}
{"rawEeg":12}
{"rawEeg":2}
{"rawEeg":-2}
{"rawEeg":7}
{"rawEeg":39}
{"rawEeg":53}
{"rawEeg":57}
{"rawEeg":72}
{"rawEeg":53}
{"rawEeg":-7}
{"rawEeg":-40}
{"rawEeg":-29}
{"rawEeg":-5}
{"rawEeg":26}
{"rawEeg":42}
{"rawEeg":39}
{"rawEeg":27}
{"rawEeg":42}
{"rawEeg":85}
{"rawEeg":101}
{"rawEeg":96}
{"rawEeg":115}
{"rawEeg":136}
{"rawEeg":137}
{"rawEeg":100}
{"rawEeg":53}
{"rawEeg":44}
{"rawEeg":71}
{"rawEeg":107}
{"rawEeg":105}
{"rawEeg":80}
{"rawEeg":55}
{"rawEeg":57}
{"rawEeg":69}
{"rawEeg":73}
{"rawEeg":53}
{"rawEeg":19}
{"rawEeg":32}
{"rawEeg":73}
{"rawEeg":101}
{"rawEeg":92}
{"rawEeg":59}
{"rawEeg":44}
{"rawEeg":77}
{"rawEeg":120}
{"rawEeg":154}
{"rawEeg":152}
{"rawEeg":83}
{"rawEeg":38}
{"rawEeg":44}
{"rawEeg":76}
{"rawEeg":105}
{"rawEeg":90}
{"rawEeg":48}
{"rawEeg":35}
{"rawEeg":60}
{"rawEeg":70}
{"rawEeg":71}
{"rawEeg":61}
{"rawEeg":45}
{"rawEeg":10}
{"rawEeg":5}
{"rawEeg":41}
{"rawEeg":65}
{"rawEeg":81}
{"rawEeg":74}
{"rawEeg":45}
{"rawEeg":2}
{"rawEeg":-13}
{"rawEeg":-2}
{"rawEeg":26}
{"rawEeg":64}
{"rawEeg":90}
{"rawEeg":80}
{"rawEeg":19}
{"rawEeg":-27}
{"rawEeg":-4}
{"rawEeg":67}
{"rawEeg":131}
{"rawEeg":179}
{"rawEeg":164}
{"rawEeg":131}
{"rawEeg":120}
{"rawEeg":112}
{"rawEeg":115}
{"rawEeg":107}
{"rawEeg":89}
{"rawEeg":65}
{"rawEeg":41}
{"rawEeg":49}
{"rawEeg":81}
{"rawEeg":107}
{"rawEeg":99}
{"rawEeg":73}
{"rawEeg":56}
{"rawEeg":54}
{"rawEeg":100}
{"rawEeg":133}
{"rawEeg":120}
{"rawEeg":91}
{"rawEeg":81}
{"rawEeg":101}
{"rawEeg":141}
{"rawEeg":149}
{"rawEeg":138}
{"rawEeg":140}
{"rawEeg":153}
{"rawEeg":157}
{"rawEeg":113}
{"rawEeg":73}
{"rawEeg":65}
{"rawEeg":43}
{"rawEeg":7}
{"rawEeg":24}
{"rawEeg":100}
{"rawEeg":144}
{"rawEeg":122}
{"rawEeg":97}
{"rawEeg":84}
{"rawEeg":90}
{"rawEeg":108}
{"rawEeg":85}
{"rawEeg":54}
{"rawEeg":50}
{"rawEeg":26}
{"rawEeg":18}
{"rawEeg":40}
{"rawEeg":67}
{"rawEeg":72}
{"rawEeg":75}
{"rawEeg":80}
{"rawEeg":87}
{"rawEeg":83}
{"rawEeg":64}
{"rawEeg":53}
{"rawEeg":51}
{"rawEeg":41}
{"rawEeg":27}
{"rawEeg":34}
{"rawEeg":60}
{"rawEeg":72}
{"rawEeg":74}
{"rawEeg":86}
{"rawEeg":97}
{"rawEeg":81}
{"rawEeg":53}
{"rawEeg":41}
{"rawEeg":49}
{"rawEeg":28}
{"rawEeg":-9}
{"rawEeg":-24}
{"rawEeg":-18}
{"rawEeg":3}
{"rawEeg":29}
{"rawEeg":48}
{"rawEeg":57}
{"rawEeg":71}
{"rawEeg":70}
{"rawEeg":73}
{"rawEeg":86}
{"rawEeg":71}
{"rawEeg":54}
{"rawEeg":39}
{"rawEeg":45}
{"rawEeg":66}
{"rawEeg":49}
{"rawEeg":18}
{"rawEeg":2}
{"rawEeg":13}
{"rawEeg":39}
{"rawEeg":44}
{"rawEeg":45}
{"rawEeg":44}
{"rawEeg":26}
{"rawEeg":19}
{"rawEeg":23}
{"rawEeg":32}
{"rawEeg":22}
{"rawEeg":26}
{"rawEeg":27}
{"rawEeg":18}
{"rawEeg":0}
{"rawEeg":-11}
{"rawEeg":-12}
{"rawEeg":12}
{"rawEeg":75}
{"rawEeg":75}
{"rawEeg":35}
{"rawEeg":22}
{"rawEeg":38}
{"rawEeg":56}
{"rawEeg":40}
{"rawEeg":17}
{"rawEeg":21}
{"rawEeg":60}
{"rawEeg":133}
{"rawEeg":139}
{"rawEeg":77}
{"rawEeg":19}
{"rawEeg":9}
{"rawEeg":23}
{"rawEeg":12}
{"rawEeg":-28}
{"rawEeg":-35}
{"rawEeg":13}
{"rawEeg":49}
{"rawEeg":20}
{"rawEeg":-12}
{"rawEeg":5}
{"rawEeg":39}
{"rawEeg":71}
{"rawEeg":103}
{"rawEeg":112}
{"rawEeg":91}
{"rawEeg":59}
{"rawEeg":34}
{"rawEeg":27}
{"rawEeg":21}
{"rawEeg":7}
{"rawEeg":20}
{"rawEeg":67}
{"rawEeg":88}
{"rawEeg":82}
{"rawEeg":70}
{"rawEeg":61}
{"rawEeg":39}
{"rawEeg":41}
{"rawEeg":68}
{"rawEeg":67}
{"rawEeg":54}
{"rawEeg":54}
{"rawEeg":57}
{"rawEeg":76}
{"rawEeg":89}
{"rawEeg":74}
{"rawEeg":67}
{"rawEeg":76}
{"rawEeg":90}
{"rawEeg":80}
{"rawEeg":59}
{"rawEeg":36}
{"rawEeg":28}
{"rawEeg":13}
{"rawEeg":7}
{"rawEeg":8}
{"rawEeg":0}
{"rawEeg":21}
{"rawEeg":64}
{"rawEeg":83}
{"rawEeg":53}
{"rawEeg":21}
{"rawEeg":0}
{"rawEeg":1}
{"rawEeg":19}
{"rawEeg":52}
{"rawEeg":83}
{"rawEeg":66}
{"rawEeg":9}
{"rawEeg":-11}
{"rawEeg":8}
{"rawEeg":54}
{"rawEeg":74}
{"rawEeg":85}
{"rawEeg":98}
{"rawEeg":90}
{"rawEeg":76}
{"rawEeg":71}
{"rawEeg":58}
{"rawEeg":34}
{"rawEeg":16}
{"rawEeg":24}
{"rawEeg":41}
{"rawEeg":52}
{"rawEeg":36}
{"rawEeg":12}
{"rawEeg":3}
{"rawEeg":-7}
{"rawEeg":2}
{"rawEeg":11}
{"rawEeg":-1}
{"rawEeg":-19}
{"rawEeg":-23}
{"rawEeg":-34}
{"rawEeg":-75}
{"rawEeg":-86}
{"rawEeg":-52}
{"rawEeg":-18}
{"rawEeg":4}
{"rawEeg":25}
{"rawEeg":34}
{"rawEeg":29}
{"rawEeg":22}
{"rawEeg":24}
{"rawEeg":54}
{"rawEeg":98}
{"rawEeg":112}
{"rawEeg":103}
{"rawEeg":102}
{"rawEeg":106}
{"rawEeg":101}
{"rawEeg":65}
{"rawEeg":26}
{"rawEeg":44}
{"eSense":{"attention":51,"meditation":38},"eegPower":{"delta":42589,"theta":12723,"lowAlpha":7655,"highAlpha":1139,"lowBeta":6047,"highBeta":3867,"lowGamma":2280,"highGamma":2392},"poorSignalLevel":0}
{"rawEeg":87}
{"rawEeg":106}
{"rawEeg":84}
{"rawEeg":32}
{"rawEeg":-5}
{"rawEeg":-1}
{"rawEeg":43}
{"rawEeg":101}
{"rawEeg":93}
{"rawEeg":49}
{"rawEeg":39}
{"rawEeg":71}
{"rawEeg":100}
{"rawEeg":99}
{"rawEeg":70}
{"rawEeg":49}
{"rawEeg":52}
{"rawEeg":54}
{"rawEeg":41}
{"rawEeg":22}
{"rawEeg":3}
{"rawEeg":0}
{"rawEeg":19}
{"rawEeg":45}
{"rawEeg":61}
{"rawEeg":32}
{"rawEeg":-3}
{"rawEeg":6}
{"rawEeg":71}
{"rawEeg":124}
{"rawEeg":118}
{"rawEeg":82}
{"rawEeg":67}
{"rawEeg":84}
{"rawEeg":92}
{"rawEeg":83}
{"rawEeg":48}
{"rawEeg":27}
{"rawEeg":39}
{"rawEeg":57}
{"rawEeg":65}
{"rawEeg":40}
{"rawEeg":11}
{"rawEeg":34}
{"rawEeg":67}
{"rawEeg":60}
{"rawEeg":36}
{"rawEeg":18}
{"rawEeg":20}
{"rawEeg":58}
{"rawEeg":87}
{"rawEeg":72}
{"rawEeg":27}
{"rawEeg":16}
{"rawEeg":40}
{"rawEeg":83}
{"rawEeg":89}
{"rawEeg":53}
{"rawEeg":20}
{"rawEeg":10}
{"rawEeg":27}
{"rawEeg":48}
{"rawEeg":56}
{"rawEeg":59}
{"rawEeg":66}
{"rawEeg":49}
{"rawEeg":33}
{"rawEeg":43}
{"rawEeg":64}
{"rawEeg":74}
{"rawEeg":60}
{"rawEeg":52}
{"rawEeg":71}
{"rawEeg":115}
{"rawEeg":122}
{"rawEeg":52}
{"rawEeg":7}
{"rawEeg":37}
{"rawEeg":75}
{"rawEeg":82}
{"rawEeg":72}
{"rawEeg":74}
{"rawEeg":85}
{"rawEeg":101}
{"rawEeg":115}
{"rawEeg":87}
{"rawEeg":36}
{"rawEeg":2}
{"rawEeg":-19}
{"rawEeg":-21}
{"rawEeg":2}
{"rawEeg":5}
{"rawEeg":2}
{"rawEeg":22}
{"rawEeg":42}
{"rawEeg":45}
{"rawEeg":35}
{"rawEeg":35}
{"rawEeg":52}
{"rawEeg":43}
{"rawEeg":19}
{"rawEeg":6}
{"rawEeg":-22}
{"rawEeg":-54}
{"rawEeg":-83}
{"rawEeg":-81}
{"rawEeg":-27}
{"rawEeg":17}
{"rawEeg":10}
{"rawEeg":-22}
{"rawEeg":-42}
{"rawEeg":-30}
{"rawEeg":-12}
{"rawEeg":-13}
{"rawEeg":-26}
{"rawEeg":-41}
{"rawEeg":-53}
{"rawEeg":-58}
{"rawEeg":-85}
{"rawEeg":-100}
{"rawEeg":-61}
{"rawEeg":-13}
{"rawEeg":0}
{"rawEeg":-4}
{"rawEeg":-13}
{"rawEeg":-33}
{"rawEeg":-50}
{"rawEeg":-60}
{"rawEeg":-53}
{"rawEeg":-28}
{"rawEeg":-20}
{"rawEeg":-36}
{"rawEeg":-50}
{"rawEeg":-33}
{"rawEeg":-26}
{"rawEeg":-38}
{"rawEeg":-43}
{"rawEeg":-20}
{"rawEeg":8}
{"rawEeg":25}
{"rawEeg":51}
{"rawEeg":61}
{"rawEeg":40}
{"rawEeg":3}
{"rawEeg":-4}
{"rawEeg":24}
{"rawEeg":51}
{"rawEeg":21}
{"rawEeg":-11}
{"rawEeg":-2}
{"rawEeg":11}
{"rawEeg":-7}
{"rawEeg":-37}
{"rawEeg":-22}
{"rawEeg":17}
{"rawEeg":58}
{"rawEeg":83}
{"rawEeg":65}
{"rawEeg":69}
{"rawEeg":71}
{"rawEeg":50}
{"rawEeg":40}
{"rawEeg":51}
{"rawEeg":83}
{"rawEeg":106}
{"rawEeg":101}
{"rawEeg":103}
{"rawEeg":114}
{"rawEeg":100}
{"rawEeg":92}
{"rawEeg":86}
{"rawEeg":80}
{"rawEeg":84}
{"rawEeg":89}
{"rawEeg":93}
{"rawEeg":109}
{"rawEeg":114}
{"rawEeg":98}
{"rawEeg":91}
{"rawEeg":124}
{"rawEeg":148}
{"rawEeg":162}
{"rawEeg":161}
{"rawEeg":148}
{"rawEeg":145}
{"rawEeg":134}
{"rawEeg":121}
{"rawEeg":112}
{"rawEeg":108}
{"rawEeg":132}
{"rawEeg":141}
{"rawEeg":120}
{"rawEeg":96}
{"rawEeg":109}
{"rawEeg":128}
{"rawEeg":114}
{"rawEeg":96}
{"rawEeg":98}
{"rawEeg":106}
{"rawEeg":109}
{"rawEeg":114}
{"rawEeg":114}
{"rawEeg":103}
{"rawEeg":106}
{"rawEeg":122}
{"rawEeg":138}
{"rawEeg":107}
{"rawEeg":71}
{"rawEeg":80}
{"rawEeg":98}
{"rawEeg":92}
{"rawEeg":103}
{"rawEeg":117}
{"rawEeg":117}
{"rawEeg":107}
{"rawEeg":101}
{"rawEeg":108}
{"rawEeg":129}
{"rawEeg":121}
{"rawEeg":88}
{"rawEeg":75}
{"rawEeg":73}
{"rawEeg":72}
{"rawEeg":90}
{"rawEeg":112}
{"rawEeg":112}
{"rawEeg":93}
{"rawEeg":55}
{"rawEeg":43}
{"rawEeg":54}
{"rawEeg":67}
{"rawEeg":84}
{"rawEeg":87}
{"rawEeg":90}
{"rawEeg":96}
{"rawEeg":75}
{"rawEeg":74}
{"rawEeg":98}
{"rawEeg":125}
{"rawEeg":124}
{"rawEeg":99}
{"rawEeg":69}
{"rawEeg":72}
{"rawEeg":100}
{"rawEeg":113}
{"rawEeg":101}
{"rawEeg":72}
{"rawEeg":65}
{"rawEeg":74}
{"rawEeg":88}
{"rawEeg":73}
{"rawEeg":58}
{"rawEeg":53}
{"rawEeg":37}
{"rawEeg":41}
{"rawEeg":57}
{"rawEeg":56}
{"rawEeg":55}
{"rawEeg":68}
{"rawEeg":86}
{"rawEeg":96}
{"rawEeg":49}
{"rawEeg":18}
{"rawEeg":21}
{"rawEeg":28}
{"rawEeg":44}
{"rawEeg":81}
{"rawEeg":89}
{"rawEeg":65}
{"rawEeg":44}
{"rawEeg":13}
{"rawEeg":-5}
{"rawEeg":12}
{"rawEeg":59}
{"rawEeg":65}
{"rawEeg":19}
{"rawEeg":-9}
{"rawEeg":-12}
{"rawEeg":4}
{"rawEeg":28}
{"rawEeg":66}
{"rawEeg":92}
{"rawEeg":91}
{"rawEeg":80}
{"rawEeg":65}
{"rawEeg":49}
{"rawEeg":43}
{"rawEeg":64}
{"rawEeg":90}
{"rawEeg":87}
{"rawEeg":61}
{"rawEeg":42}
{"rawEeg":28}
{"rawEeg":34}
{"rawEeg":42}
{"rawEeg":51}
{"rawEeg":65}
{"rawEeg":70}
{"rawEeg":70}
{"rawEeg":53}
{"rawEeg":40}
{"rawEeg":55}
{"rawEeg":56}
{"rawEeg":54}
{"rawEeg":41}
{"rawEeg":38}
{"rawEeg":41}
{"rawEeg":39}
{"rawEeg":36}
{"rawEeg":43}
{"rawEeg":44}
{"rawEeg":29}
{"rawEeg":17}
{"rawEeg":33}
{"rawEeg":53}
{"rawEeg":58}
{"rawEeg":51}
{"rawEeg":33}
{"rawEeg":9}
{"rawEeg":-9}
{"rawEeg":-8}
{"rawEeg":21}
{"rawEeg":48}
{"rawEeg":49}
{"rawEeg":53}
{"rawEeg":69}
{"rawEeg":65}
{"rawEeg":27}
{"rawEeg":3}
{"rawEeg":-3}
{"rawEeg":13}
{"rawEeg":51}
{"rawEeg":65}
{"rawEeg":44}
{"rawEeg":18}
{"rawEeg":9}
{"rawEeg":21}
{"rawEeg":40}
{"rawEeg":25}
{"rawEeg":13}
{"rawEeg":40}
{"rawEeg":51}
{"rawEeg":25}
{"rawEeg":2}
{"rawEeg":-11}
{"rawEeg":-17}
{"rawEeg":7}
{"rawEeg":42}
{"rawEeg":66}
{"rawEeg":38}
{"rawEeg":17}
{"rawEeg":6}
{"rawEeg":2}
{"rawEeg":16}
{"rawEeg":24}
{"rawEeg":43}
{"rawEeg":60}
{"rawEeg":65}
{"rawEeg":43}
{"rawEeg":7}
{"rawEeg":1}
{"rawEeg":56}
{"rawEeg":106}
{"rawEeg":66}
{"rawEeg":-7}
{"rawEeg":-8}
{"rawEeg":65}
{"rawEeg":120}
{"rawEeg":93}
{"rawEeg":55}
{"rawEeg":70}
{"rawEeg":86}
{"rawEeg":82}
{"rawEeg":73}
{"rawEeg":65}
{"rawEeg":53}
{"rawEeg":55}
{"rawEeg":59}
{"rawEeg":17}
{"rawEeg":-37}
{"rawEeg":-22}
{"rawEeg":5}
{"rawEeg":-13}
{"rawEeg":-2}
{"rawEeg":57}
{"rawEeg":74}
{"rawEeg":51}
{"rawEeg":42}
{"rawEeg":55}
{"rawEeg":66}
{"rawEeg":59}
{"rawEeg":75}
{"rawEeg":106}
{"rawEeg":105}
{"rawEeg":83}
{"rawEeg":58}
{"rawEeg":48}
{"rawEeg":24}
{"rawEeg":20}
{"rawEeg":25}
{"rawEeg":26}
{"rawEeg":12}
{"rawEeg":0}
{"rawEeg":5}
{"rawEeg":32}
{"rawEeg":45}
{"rawEeg":65}
{"rawEeg":70}
{"rawEeg":45}
{"rawEeg":38}
{"rawEeg":53}
{"rawEeg":42}
{"rawEeg":28}
{"rawEeg":23}
{"rawEeg":-5}
{"rawEeg":-44}
{"rawEeg":-66}
{"rawEeg":-51}
{"rawEeg":-24}
{"rawEeg":16}
{"rawEeg":60}
{"rawEeg":23}
{"rawEeg":-38}
{"rawEeg":-35}
{"rawEeg":27}
{"rawEeg":70}
{"rawEeg":35}
{"rawEeg":0}
{"rawEeg":-3}
{"rawEeg":-4}
{"rawEeg":-18}
{"rawEeg":-41}
{"rawEeg":-49}
{"rawEeg":-13}
{"rawEeg":21}
{"rawEeg":1}
{"rawEeg":-61}
{"rawEeg":-87}
{"rawEeg":-36}
{"rawEeg":41}
{"rawEeg":92}
{"rawEeg":112}
{"rawEeg":87}
{"rawEeg":61}
{"rawEeg":73}
{"rawEeg":102}
{"rawEeg":100}
{"rawEeg":96}
{"rawEeg":85}
{"rawEeg":42}
{"rawEeg":0}
{"rawEeg":-3}
{"rawEeg":25}
{"rawEeg":34}
{"rawEeg":21}
{"rawEeg":-6}
{"rawEeg":1}
{"rawEeg":58}
{"rawEeg":97}
{"rawEeg":88}
{"rawEeg":87}
{"rawEeg":77}
{"rawEeg":96}
{"rawEeg":99}
{"rawEeg":85}
{"rawEeg":84}
{"rawEeg":90}
{"rawEeg":84}
{"rawEeg":26}
{"rawEeg":-3}
{"rawEeg":3}
{"rawEeg":27}
{"rawEeg":93}
{"rawEeg":145}
{"rawEeg":96}
{"rawEeg":45}
{"rawEeg":24}
{"rawEeg":-26}
{"rawEeg":9}
{"rawEeg":115}
{"rawEeg":172}
{"rawEeg":168}
{"rawEeg":144}
{"rawEeg":118}
{"rawEeg":112}
{"rawEeg":83}
{"rawEeg":57}
{"rawEeg":84}
{"rawEeg":85}
{"rawEeg":85}
{"rawEeg":60}
{"rawEeg":19}
{"rawEeg":0}
{"rawEeg":6}
{"rawEeg":11}
{"rawEeg":3}
{"rawEeg":27}
{"rawEeg":76}
{"rawEeg":57}
{"rawEeg":3}
{"rawEeg":-4}
{"rawEeg":-9}
{"rawEeg":-10}
{"rawEeg":3}
{"rawEeg":-7}
{"rawEeg":-27}
{"rawEeg":-27}
{"rawEeg":-41}
{"rawEeg":-34}
{"rawEeg":-23}
{"rawEeg":-6}
{"rawEeg":13}
{"eSense":{"attention":40,"meditation":24},"eegPower":{"delta":90952,"theta":51007,"lowAlpha":6998,"highAlpha":3012,"lowBeta":9507,"highBeta":13282,"lowGamma":6193,"highGamma":3552},"poorSignalLevel":0}
{"rawEeg":-22}
{"rawEeg":-60}
{"rawEeg":-26}
{"rawEeg":53}
{"rawEeg":89}
{"rawEeg":75}
{"rawEeg":70}
{"rawEeg":102}
{"rawEeg":89}
{"rawEeg":57}
{"rawEeg":113}
{"rawEeg":228}
{"rawEeg":292}
{"rawEeg":224}
{"rawEeg":170}
{"rawEeg":182}
{"rawEeg":205}
{"rawEeg":215}
{"rawEeg":218}
{"rawEeg":176}
{"rawEeg":10}
{"rawEeg":-29}
{"rawEeg":123}
{"rawEeg":262}
{"rawEeg":241}
{"rawEeg":242}
{"rawEeg":386}
{"rawEeg":485}
{"rawEeg":440}
{"rawEeg":344}
{"rawEeg":330}
{"rawEeg":364}
{"rawEeg":363}
{"rawEeg":315}
{"rawEeg":185}
{"rawEeg":27}
{"rawEeg":-104}
{"rawEeg":-177}
{"rawEeg":-56}
{"rawEeg":147}
{"rawEeg":275}
{"rawEeg":273}
{"rawEeg":178}
{"rawEeg":166}
{"rawEeg":243}
{"rawEeg":280}
{"rawEeg":309}
{"rawEeg":300}
{"rawEeg":199}
{"rawEeg":1}
{"rawEeg":-137}
{"rawEeg":-245}
{"rawEeg":-235}
{"rawEeg":-49}
{"rawEeg":92}
{"blinkStrength":45}
{"rawEeg":53}
{"rawEeg":-88}
{"rawEeg":-164}
{"rawEeg":-4}
{"rawEeg":168}
{"rawEeg":152}
{"rawEeg":54}
{"rawEeg":-27}
{"rawEeg":-162}
{"rawEeg":-213}
{"rawEeg":-108}
{"rawEeg":-70}
{"rawEeg":-129}
{"rawEeg":-136}
{"rawEeg":-105}
{"rawEeg":-50}
{"rawEeg":-26}
{"rawEeg":-90}
{"rawEeg":-102}
{"rawEeg":-42}
{"rawEeg":-100}
{"rawEeg":-125}
{"rawEeg":23}
{"rawEeg":165}
{"rawEeg":148}
{"rawEeg":-14}
{"rawEeg":-117}
{"rawEeg":-73}
{"rawEeg":39}
{"rawEeg":52}
{"rawEeg":-33}
{"rawEeg":-145}
{"rawEeg":-201}
{"rawEeg":-178}
{"rawEeg":-132}
{"rawEeg":-134}
{"rawEeg":-221}
{"rawEeg":-339}
{"rawEeg":-371}
{"rawEeg":-248}
{"rawEeg":-121}
{"rawEeg":-140}
{"rawEeg":-219}
{"rawEeg":-259}
{"rawEeg":-248}
{"rawEeg":-209}
{"rawEeg":-133}
{"rawEeg":-65}
{"rawEeg":-38}
{"rawEeg":-38}
{"rawEeg":-20}
{"rawEeg":-7}
{"rawEeg":-14}
{"rawEeg":-55}
{"rawEeg":-91}
{"rawEeg":-129}
{"rawEeg":-146}
{"rawEeg":-125}
{"rawEeg":-108}
{"rawEeg":-161}
{"rawEeg":-228}
{"rawEeg":-196}
{"rawEeg":-104}
{"rawEeg":-43}
{"rawEeg":-30}
{"rawEeg":-36}
{"rawEeg":-92}
{"rawEeg":-161}
{"rawEeg":-170}
{"rawEeg":-138}
{"rawEeg":-118}
{"rawEeg":-141}
{"rawEeg":-154}
{"rawEeg":-108}
{"rawEeg":-55}
{"rawEeg":-58}
{"rawEeg":-98}
{"rawEeg":-131}
{"rawEeg":-158}
{"rawEeg":-130}
{"rawEeg":-76}
{"rawEeg":-109}
{"rawEeg":-209}
{"rawEeg":-225}
{"rawEeg":-133}
{"rawEeg":-45}
{"rawEeg":-34}
{"rawEeg":-27}
{"rawEeg":12}
{"rawEeg":20}
{"rawEeg":25}
{"rawEeg":55}
{"rawEeg":3}
{"rawEeg":-116}
{"rawEeg":-103}
{"rawEeg":42}
{"rawEeg":120}
{"rawEeg":53}
{"rawEeg":-55}
{"rawEeg":-87}
{"rawEeg":-70}
{"rawEeg":-40}
{"rawEeg":-35}
{"rawEeg":-85}
{"rawEeg":-173}
{"rawEeg":-201}
{"rawEeg":-135}
{"rawEeg":-45}
{"rawEeg":22}
{"rawEeg":23}
{"rawEeg":-6}
{"rawEeg":9}
{"rawEeg":80}
{"rawEeg":106}
{"rawEeg":52}
{"rawEeg":24}
{"rawEeg":59}
{"rawEeg":88}
{"rawEeg":106}
{"rawEeg":49}
{"rawEeg":-5}
{"rawEeg":-4}
{"rawEeg":-25}
{"rawEeg":-55}
{"rawEeg":4}
{"rawEeg":147}
{"rawEeg":242}
{"rawEeg":229}
{"rawEeg":164}
{"rawEeg":153}
{"rawEeg":205}
{"rawEeg":263}
{"rawEeg":216}
{"rawEeg":103}
{"rawEeg":96}
{"rawEeg":165}
{"rawEeg":193}
{"rawEeg":157}
{"rawEeg":109}
{"rawEeg":123}
{"rawEeg":171}
{"rawEeg":232}
{"rawEeg":264}
{"rawEeg":216}
{"rawEeg":151}
{"rawEeg":115}
{"rawEeg":118}
{"rawEeg":133}
{"rawEeg":125}
{"rawEeg":125}
{"rawEeg":171}
{"rawEeg":188}
{"rawEeg":172}
{"rawEeg":149}
{"rawEeg":119}
{"rawEeg":93}
{"rawEeg":114}
{"rawEeg":156}
{"rawEeg":120}
{"rawEeg":60}
{"rawEeg":83}
{"rawEeg":162}
{"rawEeg":227}
{"rawEeg":244}
{"rawEeg":256}
{"rawEeg":283}
{"rawEeg":244}
{"rawEeg":120}
{"rawEeg":45}
{"rawEeg":40}
{"rawEeg":71}
{"rawEeg":113}
{"rawEeg":144}
{"rawEeg":160}
{"rawEeg":166}
{"rawEeg":165}
{"rawEeg":123}
{"rawEeg":83}
{"rawEeg":83}
{"rawEeg":112}
{"rawEeg":144}
{"rawEeg":145}
{"rawEeg":130}
{"rawEeg":122}
{"rawEeg":137}
{"rawEeg":129}
{"rawEeg":107}
{"rawEeg":117}
{"rawEeg":163}
{"rawEeg":185}
{"rawEeg":164}
{"rawEeg":114}
{"rawEeg":70}
{"blinkStrength":39}
{"rawEeg":88}
{"rawEeg":169}
{"rawEeg":209}
{"rawEeg":179}
{"rawEeg":139}
{"rawEeg":131}
{"rawEeg":138}
{"rawEeg":136}
{"rawEeg":121}
{"rawEeg":92}
{"rawEeg":67}
{"rawEeg":70}
{"rawEeg":60}
{"rawEeg":88}
{"rawEeg":138}
{"rawEeg":156}
{"rawEeg":124}
{"rawEeg":83}
{"rawEeg":27}
{"rawEeg":17}
{"rawEeg":91}
{"rawEeg":138}
{"rawEeg":58}
{"rawEeg":-22}
{"rawEeg":-34}
{"rawEeg":-20}
{"rawEeg":17}
{"rawEeg":87}
{"rawEeg":105}
{"rawEeg":97}
{"rawEeg":114}
{"rawEeg":145}
{"rawEeg":132}
{"rawEeg":112}
{"rawEeg":100}
{"rawEeg":37}
{"rawEeg":-39}
{"rawEeg":-25}
{"rawEeg":22}
{"rawEeg":-10}
{"rawEeg":-42}
{"rawEeg":-28}
{"rawEeg":-19}
{"rawEeg":8}
{"rawEeg":19}
{"rawEeg":52}
{"rawEeg":157}
{"rawEeg":188}
{"rawEeg":101}
{"rawEeg":33}
{"rawEeg":10}
{"rawEeg":2}
{"rawEeg":20}
{"rawEeg":42}
{"rawEeg":-3}
{"rawEeg":-41}
{"rawEeg":-40}
{"rawEeg":34}
{"rawEeg":81}
{"rawEeg":68}
{"rawEeg":53}
{"rawEeg":26}
{"rawEeg":-1}
{"rawEeg":-8}
{"rawEeg":-3}
{"rawEeg":-3}
{"rawEeg":19}
{"rawEeg":44}
{"rawEeg":65}
{"rawEeg":51}
{"rawEeg":-12}
{"rawEeg":-81}
{"rawEeg":-83}
{"rawEeg":-55}
{"rawEeg":-38}
{"rawEeg":33}
{"rawEeg":170}
{"rawEeg":197}
{"rawEeg":155}
{"rawEeg":92}
{"rawEeg":87}
{"rawEeg":118}
{"rawEeg":112}
{"rawEeg":118}
{"rawEeg":103}
{"rawEeg":23}
{"rawEeg":-39}
{"rawEeg":-30}
{"rawEeg":-5}
{"rawEeg":-23}
{"rawEeg":-60}
{"rawEeg":-57}
{"rawEeg":-26}
{"rawEeg":-18}
{"rawEeg":-20}
{"rawEeg":-13}
{"rawEeg":-49}
{"rawEeg":-122}
{"rawEeg":-122}
{"rawEeg":12}
{"rawEeg":151}
{"rawEeg":218}
{"rawEeg":218}
{"rawEeg":195}
{"rawEeg":169}
{"rawEeg":113}
{"rawEeg":89}
{"rawEeg":145}
{"rawEeg":179}
{"rawEeg":148}
{"rawEeg":60}
{"rawEeg":-17}
{"rawEeg":-61}
{"rawEeg":-75}
{"rawEeg":-55}
{"rawEeg":-24}
{"rawEeg":7}
{"rawEeg":50}
{"rawEeg":56}
{"rawEeg":27}
{"rawEeg":-6}
{"rawEeg":4}
{"rawEeg":44}
{"rawEeg":51}
{"rawEeg":64}
{"rawEeg":91}
{"rawEeg":86}
{"rawEeg":42}
{"rawEeg":21}
{"rawEeg":38}
{"rawEeg":97}
{"rawEeg":134}
{"rawEeg":130}
{"rawEeg":148}
{"rawEeg":197}
{"rawEeg":204}
{"rawEeg":211}
{"rawEeg":186}
{"rawEeg":157}
{"rawEeg":124}
{"rawEeg":69}
{"rawEeg":-4}
{"rawEeg":-21}
{"rawEeg":19}
{"rawEeg":72}
{"rawEeg":82}
{"rawEeg":34}
{"rawEeg":5}
{"rawEeg":48}
{"rawEeg":81}
{"rawEeg":81}
{"rawEeg":80}
{"rawEeg":104}
{"rawEeg":149}
{"rawEeg":169}
{"rawEeg":140}
{"rawEeg":96}
{"rawEeg":87}
{"rawEeg":101}
{"rawEeg":76}
{"rawEeg":27}
{"rawEeg":68}
{"rawEeg":189}
{"rawEeg":235}
{"rawEeg":134}
{"rawEeg":25}
{"rawEeg":21}
{"rawEeg":72}
{"rawEeg":98}
{"rawEeg":66}
{"rawEeg":18}
{"rawEeg":-29}
{"rawEeg":-76}
{"rawEeg":-81}
{"rawEeg":-9}
{"rawEeg":73}
{"rawEeg":123}
{"rawEeg":168}
{"rawEeg":199}
{"rawEeg":186}
{"rawEeg":180}
{"rawEeg":145}
{"rawEeg":88}
{"rawEeg":44}
{"rawEeg":7}
{"rawEeg":37}
{"rawEeg":82}
{"rawEeg":40}
{"rawEeg":10}
{"rawEeg":28}
{"rawEeg":37}
{"rawEeg":59}
{"rawEeg":67}
{"rawEeg":28}
{"rawEeg":-10}
{"rawEeg":-51}
{"rawEeg":-88}
{"rawEeg":-109}
{"rawEeg":-58}
{"rawEeg":36}
{"rawEeg":99}
{"rawEeg":129}
{"rawEeg":140}
{"rawEeg":101}
{"rawEeg":88}
{"rawEeg":114}
{"rawEeg":115}
{"rawEeg":99}
{"rawEeg":92}
{"rawEeg":98}
{"rawEeg":73}
{"rawEeg":34}
{"rawEeg":19}
{"rawEeg":-2}
{"rawEeg":-17}
{"rawEeg":21}
{"rawEeg":34}
{"rawEeg":50}
{"rawEeg":70}
{"rawEeg":37}
{"rawEeg":-33}
{"rawEeg":-52}
{"rawEeg":-26}
{"rawEeg":1}
{"rawEeg":38}
{"rawEeg":40}
{"rawEeg":-49}
{"rawEeg":-129}
{"rawEeg":-100}
{"rawEeg":-29}
{"rawEeg":50}
{"rawEeg":136}
{"rawEeg":177}
{"rawEeg":138}
{"rawEeg":89}
{"rawEeg":114}
{"rawEeg":176}
{"rawEeg":144}
{"rawEeg":86}
{"rawEeg":57}
{"rawEeg":20}
{"rawEeg":25}
{"rawEeg":85}
{"rawEeg":89}
{"rawEeg":37}
{"rawEeg":-5}
{"rawEeg":-6}
{"rawEeg":22}
{"rawEeg":88}
{"rawEeg":130}
{"rawEeg":137}
{"rawEeg":123}
{"rawEeg":57}
{"rawEeg":-19}
{"rawEeg":-29}
{"rawEeg":-5}
{"rawEeg":20}
{"rawEeg":43}
{"rawEeg":48}
{"rawEeg":24}
{"rawEeg":-2}
{"rawEeg":-4}
{"rawEeg":33}
{"rawEeg":85}
{"eSense":{"attention":40,"meditation":41},"eegPower":{"delta":1817844,"theta":592979,"lowAlpha":184719,"highAlpha":59463,"lowBeta":33687,"highBeta":83364,"lowGamma":86027,"highGamma":28616},"poorSignalLevel":0}
{"rawEeg":130}
{"rawEeg":153}
{"rawEeg":135}
{"rawEeg":108}
{"rawEeg":72}
{"rawEeg":20}
{"rawEeg":-75}
{"rawEeg":-146}
{"rawEeg":-122}
{"rawEeg":-55}
{"rawEeg":16}
{"rawEeg":123}
{"rawEeg":216}
{"rawEeg":182}
{"rawEeg":99}
{"rawEeg":48}
{"rawEeg":24}
{"rawEeg":5}
{"rawEeg":-7}
{"rawEeg":13}
{"rawEeg":70}
{"rawEeg":113}
{"rawEeg":151}
{"rawEeg":144}
{"rawEeg":71}
{"rawEeg":50}
{"rawEeg":67}
{"rawEeg":98}
{"rawEeg":161}
{"rawEeg":184}
{"rawEeg":129}
{"rawEeg":34}
{"rawEeg":-39}
{"rawEeg":-50}
{"rawEeg":-6}
{"rawEeg":74}
{"rawEeg":131}
{"rawEeg":100}
{"rawEeg":35}
{"rawEeg":41}
{"rawEeg":70}
{"rawEeg":35}
{"rawEeg":-54}
{"rawEeg":-44}
{"rawEeg":49}
{"rawEeg":73}
{"rawEeg":70}
{"rawEeg":100}
{"rawEeg":105}
{"rawEeg":81}
{"rawEeg":44}
{"rawEeg":11}
{"rawEeg":8}
{"rawEeg":53}
{"rawEeg":109}
{"rawEeg":134}
{"rawEeg":67}
{"rawEeg":-44}
{"rawEeg":-93}
{"rawEeg":-62}
{"rawEeg":1}
{"rawEeg":60}
{"rawEeg":117}
{"rawEeg":134}
{"rawEeg":134}
{"rawEeg":91}
{"rawEeg":38}
{"rawEeg":50}
{"rawEeg":66}
{"rawEeg":36}
{"rawEeg":43}
{"rawEeg":86}
{"rawEeg":113}
{"rawEeg":128}
{"rawEeg":59}
{"rawEeg":-6}
{"rawEeg":6}
{"rawEeg":53}
{"rawEeg":43}
{"rawEeg":7}
{"rawEeg":-21}
{"rawEeg":-69}
{"rawEeg":-122}
{"rawEeg":-139}
{"rawEeg":-90}
{"rawEeg":-23}
{"rawEeg":29}
{"rawEeg":52}
{"rawEeg":61}
{"rawEeg":50}
{"rawEeg":22}
{"rawEeg":-9}
{"rawEeg":-20}
{"rawEeg":-26}
{"rawEeg":-22}
{"rawEeg":17}
{"rawEeg":43}
{"rawEeg":52}
{"rawEeg":33}
{"rawEeg":19}
{"rawEeg":59}
{"rawEeg":93}
{"rawEeg":52}
{"rawEeg":12}
{"rawEeg":50}
{"rawEeg":67}
{"rawEeg":29}
{"rawEeg":10}
{"rawEeg":22}
{"rawEeg":55}
{"rawEeg":74}
{"rawEeg":82}
{"rawEeg":86}
{"rawEeg":74}
{"rawEeg":40}
{"rawEeg":-7}
{"rawEeg":-37}
{"rawEeg":-33}
{"rawEeg":-1}
{"rawEeg":11}
{"rawEeg":-12}
{"rawEeg":-10}
{"rawEeg":36}
{"rawEeg":87}
{"rawEeg":91}
{"rawEeg":54}
{"rawEeg":11}
{"rawEeg":9}
{"rawEeg":53}
{"rawEeg":91}
{"rawEeg":70}
{"rawEeg":11}
{"rawEeg":-37}
{"rawEeg":-45}
{"rawEeg":-28}
{"rawEeg":20}
{"rawEeg":72}
{"rawEeg":83}
{"rawEeg":83}
{"rawEeg":105}
{"rawEeg":107}
{"rawEeg":71}
{"rawEeg":29}
{"rawEeg":-20}
{"rawEeg":-66}
{"rawEeg":-83}
{"rawEeg":-82}
{"rawEeg":-77}
{"rawEeg":-54}
{"rawEeg":-5}
{"rawEeg":34}
{"rawEeg":40}
{"rawEeg":60}
{"rawEeg":133}
{"rawEeg":197}
{"rawEeg":225}
{"rawEeg":246}
{"rawEeg":199}
{"rawEeg":82}
{"rawEeg":-2}
{"rawEeg":-4}
{"rawEeg":44}
{"rawEeg":70}
{"rawEeg":54}
{"rawEeg":37}
{"rawEeg":34}
{"rawEeg":52}
{"rawEeg":67}
{"rawEeg":34}
{"rawEeg":-17}
{"rawEeg":-20}
{"rawEeg":10}
{"rawEeg":24}
{"rawEeg":7}
{"rawEeg":-18}
{"rawEeg":-35}
{"rawEeg":-45}
{"rawEeg":-56}
{"rawEeg":-29}
{"rawEeg":44}
{"rawEeg":93}
{"rawEeg":80}
{"rawEeg":56}
{"rawEeg":55}
{"rawEeg":59}
{"rawEeg":68}
{"rawEeg":76}
{"rawEeg":71}
{"rawEeg":37}
{"rawEeg":9}
{"rawEeg":-11}
{"rawEeg":-13}
{"rawEeg":6}
{"rawEeg":36}
{"rawEeg":41}
{"rawEeg":40}
{"rawEeg":24}
{"rawEeg":-13}
{"rawEeg":-75}
{"rawEeg":-97}
{"rawEeg":-56}
{"rawEeg":-21}
{"rawEeg":-11}
{"rawEeg":21}
{"rawEeg":113}
{"rawEeg":196}
{"rawEeg":233}
{"rawEeg":161}
{"rawEeg":64}
{"rawEeg":44}
{"rawEeg":40}
{"rawEeg":-19}
{"rawEeg":-25}
{"rawEeg":52}
{"rawEeg":100}
{"rawEeg":72}
{"rawEeg":28}
{"rawEeg":52}
{"rawEeg":97}
{"rawEeg":76}
{"rawEeg":38}
{"rawEeg":69}
{"rawEeg":107}
{"rawEeg":83}
{"rawEeg":9}
{"rawEeg":-22}
{"rawEeg":-39}
{"rawEeg":-30}
{"rawEeg":28}
{"rawEeg":103}
{"rawEeg":115}
{"rawEeg":98}
{"rawEeg":73}
{"rawEeg":61}
{"rawEeg":56}
{"rawEeg":48}
{"rawEeg":1}
{"rawEeg":-55}
{"rawEeg":-62}
{"rawEeg":27}
{"rawEeg":98}
{"rawEeg":73}
{"rawEeg":58}
{"rawEeg":115}
{"rawEeg":170}
{"rawEeg":195}
{"rawEeg":173}
{"rawEeg":136}
{"rawEeg":121}
{"rawEeg":120}
{"rawEeg":87}
{"rawEeg":8}
{"rawEeg":-37}
{"rawEeg":-41}
{"rawEeg":-45}
{"rawEeg":-28}
{"rawEeg":-8}
{"rawEeg":7}
{"rawEeg":9}
{"rawEeg":18}
{"rawEeg":39}
{"rawEeg":58}
{"rawEeg":48}
{"rawEeg":57}
{"rawEeg":118}
{"rawEeg":154}
{"rawEeg":125}
{"rawEeg":81}
{"rawEeg":72}
{"rawEeg":69}
{"rawEeg":85}
{"rawEeg":114}
{"rawEeg":109}
{"rawEeg":60}
{"rawEeg":8}
{"rawEeg":-24}
{"rawEeg":-51}
{"rawEeg":-35}
{"rawEeg":9}
{"rawEeg":57}
{"rawEeg":66}
{"rawEeg":66}
{"rawEeg":83}
{"rawEeg":75}
{"rawEeg":25}
{"rawEeg":-11}
{"rawEeg":20}
{"rawEeg":57}
{"rawEeg":48}
{"rawEeg":12}
{"rawEeg":-19}
{"rawEeg":-97}
{"rawEeg":-152}
{"rawEeg":-99}
{"rawEeg":-23}
{"rawEeg":4}
{"rawEeg":25}
{"rawEeg":71}
{"rawEeg":87}
{"rawEeg":58}
{"rawEeg":27}
{"rawEeg":24}
{"rawEeg":51}
{"rawEeg":64}
{"rawEeg":61}
{"rawEeg":55}
{"rawEeg":2}
{"rawEeg":-44}
{"rawEeg":-44}
{"rawEeg":17}
{"rawEeg":64}
{"rawEeg":73}
{"rawEeg":74}
{"rawEeg":60}
{"rawEeg":56}
{"rawEeg":71}
{"rawEeg":89}
{"rawEeg":85}
{"rawEeg":73}
{"rawEeg":80}
{"rawEeg":89}
{"rawEeg":98}
{"rawEeg":69}
{"rawEeg":25}
{"rawEeg":34}
{"rawEeg":57}
{"rawEeg":58}
{"rawEeg":50}
{"rawEeg":27}
{"rawEeg":40}
{"rawEeg":60}
{"rawEeg":69}
{"rawEeg":96}
{"rawEeg":121}
{"rawEeg":108}
{"rawEeg":67}
{"rawEeg":42}
{"rawEeg":55}
{"rawEeg":58}
{"rawEeg":36}
{"rawEeg":9}
{"rawEeg":-21}
{"rawEeg":-33}
{"rawEeg":22}
{"rawEeg":97}
{"rawEeg":73}
{"rawEeg":6}
{"rawEeg":-6}
{"rawEeg":65}
{"rawEeg":132}
{"rawEeg":113}
{"rawEeg":91}
{"rawEeg":93}
{"rawEeg":86}
{"rawEeg":84}
{"rawEeg":106}
{"rawEeg":144}
{"rawEeg":130}
{"rawEeg":75}
{"rawEeg":35}
{"rawEeg":-11}
{"rawEeg":-11}
{"rawEeg":-1}
{"rawEeg":-8}
{"rawEeg":-20}
{"rawEeg":-1}
{"rawEeg":55}
{"rawEeg":96}
{"rawEeg":71}
{"rawEeg":16}
{"rawEeg":5}
{"rawEeg":33}
{"rawEeg":41}
{"rawEeg":45}
{"rawEeg":42}
{"rawEeg":38}
{"rawEeg":52}
{"rawEeg":37}
{"rawEeg":8}
{"rawEeg":11}
{"rawEeg":24}
{"rawEeg":0}
{"rawEeg":-26}
{"rawEeg":-9}
{"rawEeg":23}
{"rawEeg":4}
{"rawEeg":-45}
{"rawEeg":-42}
{"rawEeg":24}
{"rawEeg":99}
{"rawEeg":92}
{"rawEeg":56}
{"rawEeg":42}
{"rawEeg":43}
{"rawEeg":64}
{"rawEeg":86}
{"rawEeg":84}
{"rawEeg":67}
{"rawEeg":44}
{"rawEeg":18}
{"rawEeg":17}
{"rawEeg":43}
{"rawEeg":81}
{"rawEeg":97}
{"rawEeg":81}
{"rawEeg":65}
{"rawEeg":72}
{"rawEeg":83}
{"rawEeg":86}
{"rawEeg":89}
{"rawEeg":84}
{"rawEeg":59}
{"rawEeg":71}
{"rawEeg":97}
{"rawEeg":89}
{"rawEeg":74}
{"rawEeg":65}
{"rawEeg":56}
{"rawEeg":56}
{"rawEeg":56}
{"rawEeg":37}
{"rawEeg":22}
{"rawEeg":66}
{"rawEeg":113}
{"rawEeg":116}
{"rawEeg":87}
{"rawEeg":85}
{"rawEeg":73}
{"rawEeg":43}
{"rawEeg":51}
{"rawEeg":98}
{"rawEeg":141}
{"rawEeg":151}
{"rawEeg":122}
{"rawEeg":105}
{"rawEeg":140}
{"rawEeg":178}
{"rawEeg":176}
{"rawEeg":144}
{"rawEeg":135}
{"rawEeg":161}
{"rawEeg":179}
{"rawEeg":137}
{"rawEeg":70}
{"rawEeg":52}
{"rawEeg":102}
{"rawEeg":148}
{"rawEeg":131}
{"rawEeg":101}
{"rawEeg":93}
{"rawEeg":98}
{"rawEeg":128}
{"rawEeg":139}
{"rawEeg":132}
{"rawEeg":101}
{"rawEeg":73}
{"rawEeg":73}
{"rawEeg":104}
{"rawEeg":152}
{"rawEeg":168}
{"rawEeg":147}
{"rawEeg":83}
{"rawEeg":51}
{"rawEeg":100}
{"rawEeg":121}
{"rawEeg":68}
{"rawEeg":23}
{"rawEeg":41}
{"rawEeg":69}
{"rawEeg":87}
{"rawEeg":118}
{"rawEeg":155}
{"rawEeg":166}
{"rawEeg":153}
{"rawEeg":115}
{"rawEeg":75}
{"rawEeg":58}
{"rawEeg":53}
{"rawEeg":17}
{"rawEeg":-26}
{"rawEeg":-59}
{"rawEeg":-121}
{"rawEeg":-146}
{"rawEeg":-135}
{"rawEeg":-93}
{"rawEeg":-51}
{"rawEeg":-68}
{"rawEeg":-73}
{"rawEeg":-83}
{"rawEeg":-103}
{"rawEeg":-121}
{"rawEeg":-88}
{"rawEeg":-34}
{"rawEeg":-22}
{"rawEeg":-58}
{"rawEeg":-158}
{"rawEeg":-209}
{"rawEeg":-170}
{"rawEeg":-121}
{"rawEeg":-77}
{"rawEeg":-37}
{"rawEeg":-21}
{"rawEeg":-52}
{"rawEeg":-103}
{"rawEeg":-123}
{"rawEeg":-86}
{"rawEeg":-10}
{"rawEeg":45}
{"rawEeg":23}
{"rawEeg":-52}
{"rawEeg":-90}
{"rawEeg":-88}
{"eSense":{"attention":35,"meditation":30},"eegPower":{"delta":1472005,"theta":297337,"lowAlpha":14018,"highAlpha":24799,"lowBeta":23574,"highBeta":59438,"lowGamma":50086,"highGamma":20975},"poorSignalLevel":0}
{"rawEeg":-101}
{"rawEeg":-125}
{"rawEeg":-150}
{"rawEeg":-154}
{"rawEeg":-107}
{"rawEeg":-78}
{"rawEeg":-98}
{"rawEeg":-153}
{"rawEeg":-217}
{"rawEeg":-196}
{"rawEeg":-81}
{"rawEeg":-14}
{"rawEeg":-41}
{"rawEeg":-71}
{"rawEeg":-51}
{"rawEeg":-38}
{"rawEeg":-33}
{"rawEeg":0}
{"rawEeg":12}
{"rawEeg":8}
{"rawEeg":-17}
{"rawEeg":-57}
{"rawEeg":-99}
{"rawEeg":-133}
{"rawEeg":-149}
{"rawEeg":-103}
{"rawEeg":-34}
{"rawEeg":6}
{"rawEeg":8}
{"rawEeg":10}
{"rawEeg":37}
{"rawEeg":50}
{"rawEeg":33}
{"rawEeg":32}
{"rawEeg":57}
{"rawEeg":82}
{"rawEeg":104}
{"rawEeg":138}
{"rawEeg":109}
{"rawEeg":83}
{"rawEeg":104}
{"rawEeg":137}
{"rawEeg":137}
{"rawEeg":138}
{"rawEeg":136}
{"rawEeg":91}
{"rawEeg":39}
{"rawEeg":12}
{"rawEeg":26}
{"rawEeg":56}
{"rawEeg":71}
{"rawEeg":67}
{"rawEeg":97}
{"rawEeg":118}
{"rawEeg":100}
{"rawEeg":98}
{"rawEeg":107}
{"rawEeg":128}
{"rawEeg":108}
{"rawEeg":85}
{"rawEeg":86}
{"rawEeg":104}
{"rawEeg":130}
{"rawEeg":150}
{"rawEeg":172}
{"rawEeg":160}
{"rawEeg":115}
{"rawEeg":100}
{"rawEeg":104}
{"rawEeg":87}
{"rawEeg":55}
{"rawEeg":49}
{"rawEeg":75}
{"rawEeg":105}
{"rawEeg":105}
{"rawEeg":81}
{"rawEeg":23}
{"rawEeg":-20}
{"rawEeg":16}
{"rawEeg":80}
{"rawEeg":147}
{"rawEeg":149}
{"rawEeg":96}
{"rawEeg":56}
{"rawEeg":64}
{"rawEeg":115}
{"rawEeg":177}
{"rawEeg":203}
{"rawEeg":197}
{"rawEeg":168}
{"rawEeg":136}
{"rawEeg":118}
{"rawEeg":106}
{"rawEeg":93}
{"rawEeg":66}
{"rawEeg":39}
{"rawEeg":20}
{"rawEeg":-5}
{"rawEeg":-27}
{"rawEeg":-18}
{"rawEeg":8}
{"rawEeg":20}
{"rawEeg":21}
{"rawEeg":35}
{"rawEeg":41}
{"rawEeg":55}
{"rawEeg":65}
{"rawEeg":64}
{"rawEeg":56}
{"rawEeg":39}
{"rawEeg":19}
{"rawEeg":-26}
{"rawEeg":-76}
{"rawEeg":-98}
{"rawEeg":-72}
{"rawEeg":-20}
{"rawEeg":18}
{"rawEeg":12}
{"rawEeg":23}
{"rawEeg":66}
{"rawEeg":61}
{"rawEeg":-5}
{"rawEeg":-58}
{"rawEeg":-57}
{"rawEeg":-50}
{"rawEeg":-51}
{"rawEeg":-41}
{"rawEeg":-51}
{"rawEeg":-67}
{"rawEeg":-89}
{"rawEeg":-107}
{"rawEeg":-84}
{"rawEeg":-45}
{"rawEeg":-13}
{"rawEeg":-9}
{"rawEeg":-42}
{"rawEeg":-73}
{"rawEeg":-73}
{"rawEeg":-46}
{"rawEeg":-42}
{"rawEeg":-67}
{"rawEeg":-71}
{"rawEeg":-45}
{"rawEeg":-38}
{"rawEeg":-53}
{"rawEeg":-74}
{"rawEeg":-74}
{"rawEeg":-56}
{"rawEeg":-34}
{"rawEeg":1}
{"rawEeg":26}
{"rawEeg":41}
{"rawEeg":35}
{"rawEeg":4}
{"rawEeg":-5}
{"rawEeg":-1}
{"rawEeg":55}
{"rawEeg":124}
{"rawEeg":140}
{"rawEeg":107}
{"rawEeg":55}
{"rawEeg":11}
{"rawEeg":21}
{"rawEeg":57}
{"rawEeg":56}
{"rawEeg":34}
{"rawEeg":23}
{"rawEeg":35}
{"rawEeg":58}
{"rawEeg":56}
{"rawEeg":41}
{"rawEeg":49}
{"rawEeg":82}
{"rawEeg":97}
{"rawEeg":90}
{"rawEeg":58}
{"rawEeg":-8}
{"rawEeg":-19}
{"rawEeg":41}
{"rawEeg":72}
{"rawEeg":43}
{"rawEeg":24}
{"rawEeg":48}
{"rawEeg":100}
{"rawEeg":152}
{"rawEeg":161}
{"rawEeg":120}
{"rawEeg":80}
{"rawEeg":89}
{"rawEeg":101}
{"rawEeg":77}
{"rawEeg":40}
{"rawEeg":36}
{"rawEeg":43}
{"rawEeg":34}
{"rawEeg":16}
{"rawEeg":17}
{"rawEeg":60}
{"rawEeg":130}
{"rawEeg":155}
{"rawEeg":152}
{"rawEeg":139}
{"rawEeg":113}
{"rawEeg":73}
{"rawEeg":48}
{"rawEeg":36}
{"rawEeg":67}
{"rawEeg":97}
{"rawEeg":41}
{"rawEeg":1}
{"rawEeg":33}
{"rawEeg":100}
{"rawEeg":120}
{"rawEeg":77}
{"rawEeg":48}
{"rawEeg":34}
{"rawEeg":43}
{"rawEeg":69}
{"rawEeg":73}
{"rawEeg":42}
{"rawEeg":20}
{"rawEeg":55}
{"rawEeg":88}
{"rawEeg":70}
{"rawEeg":61}
{"rawEeg":80}
{"rawEeg":89}
{"rawEeg":85}
{"rawEeg":98}
{"rawEeg":151}
{"rawEeg":197}
{"rawEeg":184}
{"rawEeg":147}
{"rawEeg":116}
{"rawEeg":119}
{"rawEeg":125}
{"rawEeg":134}
{"rawEeg":145}
{"rawEeg":140}
{"rawEeg":116}
{"rawEeg":84}
{"rawEeg":76}
{"rawEeg":84}
{"rawEeg":89}
{"rawEeg":109}
{"rawEeg":139}
{"rawEeg":164}
{"rawEeg":186}
{"rawEeg":165}
{"rawEeg":132}
{"rawEeg":132}
{"rawEeg":155}
{"rawEeg":179}
{"rawEeg":172}
{"rawEeg":165}
{"rawEeg":168}
{"rawEeg":177}
{"rawEeg":186}
{"rawEeg":184}
{"rawEeg":171}
{"rawEeg":163}
{"rawEeg":169}
{"rawEeg":184}
{"rawEeg":212}
{"rawEeg":243}
{"rawEeg":245}
{"rawEeg":227}
{"rawEeg":203}
{"rawEeg":180}
{"rawEeg":150}
{"rawEeg":113}
{"rawEeg":121}
{"rawEeg":176}
{"rawEeg":200}
{"rawEeg":169}
{"rawEeg":120}
{"rawEeg":114}
{"rawEeg":135}
{"rawEeg":121}
{"rawEeg":100}
{"rawEeg":70}
{"rawEeg":51}
{"rawEeg":68}
{"rawEeg":82}
{"rawEeg":49}
{"rawEeg":8}
{"rawEeg":-2}
{"rawEeg":12}
{"rawEeg":39}
{"rawEeg":37}
{"rawEeg":11}
{"rawEeg":-42}
{"rawEeg":-81}
{"rawEeg":-43}
{"rawEeg":-44}
{"rawEeg":-104}
{"rawEeg":-109}
{"rawEeg":-62}
{"rawEeg":-57}
{"rawEeg":-60}
{"rawEeg":-56}
{"rawEeg":-61}
{"rawEeg":-76}
{"rawEeg":-97}
{"rawEeg":-116}
{"rawEeg":-139}
{"rawEeg":-125}
{"rawEeg":-91}
{"rawEeg":-50}
{"rawEeg":-12}
{"rawEeg":-44}
{"rawEeg":-94}
{"rawEeg":-90}
{"rawEeg":-45}
{"rawEeg":-4}
{"rawEeg":6}
{"rawEeg":39}
{"rawEeg":43}
{"rawEeg":4}
{"rawEeg":-39}
{"rawEeg":-54}
{"rawEeg":-8}
{"rawEeg":50}
{"rawEeg":55}
{"rawEeg":40}
{"rawEeg":16}
{"rawEeg":-28}
{"rawEeg":-43}
{"rawEeg":-37}
{"rawEeg":-44}
{"rawEeg":-58}
{"rawEeg":-59}
{"rawEeg":-17}
{"rawEeg":20}
{"rawEeg":41}
{"rawEeg":22}
{"rawEeg":3}
{"rawEeg":16}
{"rawEeg":35}
{"rawEeg":66}
{"rawEeg":93}
{"rawEeg":77}
{"rawEeg":22}
{"rawEeg":-23}
{"rawEeg":-40}
{"rawEeg":-25}
{"rawEeg":5}
{"rawEeg":20}
{"rawEeg":-11}
{"rawEeg":-88}
{"rawEeg":-94}
{"rawEeg":-7}
{"rawEeg":84}
{"rawEeg":101}
{"rawEeg":42}
{"rawEeg":-17}
{"rawEeg":-9}
{"rawEeg":44}
{"rawEeg":88}
{"rawEeg":98}
{"rawEeg":51}
{"rawEeg":1}
{"rawEeg":-18}
{"rawEeg":-58}
{"rawEeg":-91}
{"rawEeg":-46}
{"rawEeg":-5}
{"rawEeg":4}
{"rawEeg":20}
{"rawEeg":59}
{"rawEeg":109}
{"rawEeg":129}
{"rawEeg":119}
{"rawEeg":104}
{"rawEeg":96}
{"rawEeg":76}
{"rawEeg":48}
{"rawEeg":6}
{"rawEeg":-17}
{"rawEeg":-1}
{"rawEeg":11}
{"rawEeg":-4}
{"rawEeg":-14}
{"rawEeg":-17}
{"rawEeg":4}
{"rawEeg":50}
{"rawEeg":65}
{"rawEeg":42}
{"rawEeg":42}
{"rawEeg":53}
{"rawEeg":72}
{"rawEeg":89}
{"rawEeg":109}
{"rawEeg":123}
{"rawEeg":122}
{"rawEeg":133}
{"rawEeg":135}
{"rawEeg":156}
{"rawEeg":168}
{"rawEeg":132}
{"rawEeg":83}
{"rawEeg":53}
{"rawEeg":67}
{"rawEeg":81}
{"rawEeg":37}
{"rawEeg":-3}
{"rawEeg":-18}
{"rawEeg":-42}
{"rawEeg":-44}
{"rawEeg":-8}
{"rawEeg":-3}
{"rawEeg":-10}
{"rawEeg":35}
{"rawEeg":84}
{"rawEeg":100}
{"rawEeg":96}
{"rawEeg":81}
{"rawEeg":82}
{"rawEeg":74}
{"rawEeg":57}
{"rawEeg":37}
{"rawEeg":7}
{"rawEeg":-1}
{"rawEeg":13}
{"rawEeg":35}
{"rawEeg":65}
{"rawEeg":66}
{"rawEeg":25}
{"rawEeg":22}
{"rawEeg":40}
{"rawEeg":43}
{"rawEeg":24}
{"rawEeg":9}
{"rawEeg":18}
{"rawEeg":29}
{"rawEeg":22}
{"rawEeg":69}
{"rawEeg":105}
{"rawEeg":128}
{"rawEeg":155}
{"rawEeg":160}
{"rawEeg":124}
{"rawEeg":101}
{"rawEeg":101}
{"rawEeg":119}
{"rawEeg":153}
{"rawEeg":195}
{"rawEeg":233}
{"rawEeg":251}
{"rawEeg":243}
{"rawEeg":226}
{"rawEeg":225}
{"rawEeg":240}
{"rawEeg":257}
{"rawEeg":263}
{"rawEeg":246}
{"rawEeg":211}
{"rawEeg":185}
{"rawEeg":165}
{"rawEeg":149}
{"rawEeg":146}
{"rawEeg":133}
{"rawEeg":91}
{"rawEeg":60}
{"rawEeg":72}
{"rawEeg":68}
{"rawEeg":33}
{"rawEeg":10}
{"rawEeg":-7}
{"rawEeg":-33}
{"rawEeg":-53}
{"rawEeg":-62}
{"rawEeg":-65}
{"rawEeg":-37}
{"rawEeg":-8}
{"rawEeg":-30}
{"rawEeg":-56}
{"rawEeg":-52}
{"rawEeg":-40}
{"rawEeg":-44}
{"rawEeg":-53}
{"rawEeg":-60}
{"rawEeg":-59}
{"rawEeg":-78}
{"rawEeg":-82}
{"rawEeg":-50}
{"rawEeg":-40}
{"rawEeg":-55}
{"rawEeg":-65}
{"rawEeg":-55}
{"rawEeg":-50}
{"rawEeg":-55}
{"rawEeg":-53}
{"rawEeg":-35}
{"rawEeg":-39}
{"rawEeg":-36}
{"rawEeg":-3}
{"rawEeg":17}
{"rawEeg":16}
{"rawEeg":17}
{"rawEeg":26}
{"rawEeg":66}
{"rawEeg":90}
{"rawEeg":73}
{"rawEeg":69}
{"rawEeg":101}
{"rawEeg":145}
{"rawEeg":146}
{"rawEeg":134}
{"rawEeg":144}
{"rawEeg":151}
{"rawEeg":153}
{"eSense":{"attention":38,"meditation":26},"eegPower":{"delta":1918513,"theta":111885,"lowAlpha":8486,"highAlpha":29846,"lowBeta":36006,"highBeta":39275,"lowGamma":27124,"highGamma":10037},"poorSignalLevel":0}
{"rawEeg":137}
{"rawEeg":121}
{"rawEeg":108}
{"rawEeg":82}
{"rawEeg":58}
{"rawEeg":28}
{"rawEeg":23}
{"rawEeg":74}
{"rawEeg":147}
{"rawEeg":189}
{"rawEeg":227}
{"rawEeg":259}
{"rawEeg":261}
{"rawEeg":243}
{"rawEeg":225}
{"rawEeg":230}
{"rawEeg":243}
{"rawEeg":269}
{"rawEeg":266}
{"rawEeg":249}
{"rawEeg":244}
{"rawEeg":221}
{"rawEeg":163}
{"rawEeg":96}
{"rawEeg":44}
{"rawEeg":4}
{"rawEeg":-13}
{"rawEeg":-13}
{"rawEeg":-29}
{"rawEeg":-66}
{"rawEeg":-90}
{"rawEeg":-89}
{"rawEeg":-74}
{"rawEeg":-43}
{"rawEeg":-3}
{"rawEeg":11}
{"rawEeg":23}
{"rawEeg":38}
{"rawEeg":45}
{"rawEeg":17}
{"rawEeg":-17}
{"rawEeg":-18}
{"rawEeg":-2}
{"rawEeg":16}
{"rawEeg":37}
{"rawEeg":56}
{"rawEeg":42}
{"rawEeg":22}
{"rawEeg":28}
{"rawEeg":44}
{"rawEeg":39}
{"rawEeg":19}
{"rawEeg":9}
{"rawEeg":7}
{"rawEeg":-10}
{"rawEeg":-30}
{"rawEeg":-50}
{"rawEeg":-69}
{"rawEeg":-85}
{"rawEeg":-116}
{"rawEeg":-140}
{"rawEeg":-145}
{"rawEeg":-124}
{"rawEeg":-93}
{"rawEeg":-69}
{"rawEeg":-45}
{"rawEeg":-51}
{"rawEeg":-56}
{"rawEeg":-43}
{"rawEeg":-33}
{"rawEeg":-21}
{"rawEeg":-8}
{"rawEeg":26}
{"rawEeg":55}
{"rawEeg":32}
{"rawEeg":-8}
{"rawEeg":-34}
{"rawEeg":-6}
{"rawEeg":53}
{"rawEeg":86}
{"rawEeg":49}
{"rawEeg":3}
{"rawEeg":-3}
{"rawEeg":23}
{"rawEeg":83}
{"rawEeg":151}
{"rawEeg":162}
{"rawEeg":140}
{"rawEeg":151}
{"rawEeg":178}
{"rawEeg":185}
{"rawEeg":200}
{"rawEeg":232}
{"rawEeg":237}
{"rawEeg":180}
{"rawEeg":113}
{"rawEeg":115}
{"rawEeg":185}
{"rawEeg":244}
{"rawEeg":266}
{"rawEeg":257}
{"rawEeg":266}
{"rawEeg":310}
{"rawEeg":325}
{"rawEeg":276}
{"rawEeg":199}
{"rawEeg":123}
{"rawEeg":49}
{"rawEeg":5}
{"rawEeg":7}
{"rawEeg":56}
{"rawEeg":70}
{"rawEeg":3}
{"rawEeg":-53}
{"rawEeg":-33}
{"rawEeg":43}
{"rawEeg":116}
{"rawEeg":117}
{"rawEeg":74}
{"rawEeg":80}
{"rawEeg":52}
{"rawEeg":-14}
{"rawEeg":-61}
{"rawEeg":-122}
{"rawEeg":-152}
{"rawEeg":-134}
{"rawEeg":-123}
{"rawEeg":-138}
{"rawEeg":-149}
{"rawEeg":-139}
{"rawEeg":-87}
{"rawEeg":-43}
{"rawEeg":-37}
{"rawEeg":-34}
{"rawEeg":-33}
{"rawEeg":-55}
{"rawEeg":-46}
{"rawEeg":-4}
{"rawEeg":-20}
{"rawEeg":-61}
{"rawEeg":-52}
{"rawEeg":-30}
{"rawEeg":-24}
{"rawEeg":5}
{"rawEeg":33}
{"rawEeg":41}
{"rawEeg":61}
{"rawEeg":40}
{"rawEeg":-73}
{"rawEeg":-197}
{"rawEeg":-217}
{"rawEeg":-140}
{"rawEeg":-37}
{"rawEeg":3}
{"rawEeg":1}
{"rawEeg":-3}
{"rawEeg":19}
{"rawEeg":69}
{"rawEeg":134}
{"rawEeg":148}
{"rawEeg":107}
{"rawEeg":75}
{"rawEeg":88}
{"rawEeg":145}
{"rawEeg":170}
{"rawEeg":80}
{"rawEeg":-34}
{"rawEeg":-34}
{"rawEeg":42}
{"rawEeg":101}
{"rawEeg":103}
{"rawEeg":58}
{"rawEeg":41}
{"rawEeg":68}
{"rawEeg":129}
{"rawEeg":179}
{"rawEeg":172}
{"rawEeg":125}
{"rawEeg":90}
{"rawEeg":70}
{"rawEeg":35}
{"rawEeg":21}
{"rawEeg":6}
{"rawEeg":-30}
{"rawEeg":-59}
{"rawEeg":-37}
{"rawEeg":2}
{"rawEeg":10}
{"rawEeg":10}
{"rawEeg":12}
{"rawEeg":36}
{"rawEeg":86}
{"rawEeg":116}
{"rawEeg":98}
{"rawEeg":43}
{"rawEeg":4}
{"rawEeg":-5}
{"rawEeg":-3}
{"rawEeg":6}
{"rawEeg":-6}
{"rawEeg":-17}
{"rawEeg":-18}
{"rawEeg":-27}
{"rawEeg":-13}
{"rawEeg":33}
{"rawEeg":39}
{"rawEeg":3}
{"rawEeg":4}
{"rawEeg":34}
{"rawEeg":69}
{"rawEeg":90}
{"rawEeg":113}
{"rawEeg":118}
{"rawEeg":132}
{"rawEeg":176}
{"rawEeg":201}
{"rawEeg":198}
{"rawEeg":209}
{"rawEeg":233}
{"rawEeg":260}
{"rawEeg":262}
{"rawEeg":274}
{"rawEeg":272}
{"rawEeg":249}
{"rawEeg":245}
{"rawEeg":257}
{"rawEeg":245}
{"rawEeg":195}
{"rawEeg":160}
{"rawEeg":154}
{"rawEeg":157}
{"rawEeg":130}
{"rawEeg":75}
{"rawEeg":27}
{"rawEeg":10}
{"rawEeg":7}
{"rawEeg":21}
{"rawEeg":26}
{"rawEeg":28}
{"rawEeg":22}
{"rawEeg":7}
{"rawEeg":7}
{"rawEeg":41}
{"rawEeg":57}
{"rawEeg":37}
{"rawEeg":-14}
{"rawEeg":-49}
{"rawEeg":-51}
{"rawEeg":-41}
{"rawEeg":-22}
{"rawEeg":-5}
{"rawEeg":-10}
{"rawEeg":-13}
{"rawEeg":-17}
{"rawEeg":-33}
{"rawEeg":-23}
{"rawEeg":23}
{"rawEeg":48}
{"rawEeg":38}
{"rawEeg":24}
{"rawEeg":33}
{"rawEeg":56}
{"rawEeg":91}
{"rawEeg":76}
{"rawEeg":22}
{"rawEeg":17}
{"rawEeg":32}
{"rawEeg":7}
{"rawEeg":8}
{"rawEeg":64}
{"rawEeg":84}
{"rawEeg":59}
{"rawEeg":42}
{"rawEeg":42}
{"rawEeg":37}
{"rawEeg":-1}
{"rawEeg":-93}
{"rawEeg":-156}
{"rawEeg":-124}
{"rawEeg":-97}
{"rawEeg":-91}
{"rawEeg":-99}
{"rawEeg":-132}
{"rawEeg":-151}
{"rawEeg":-123}
{"rawEeg":-129}
{"rawEeg":-130}
{"rawEeg":-41}
{"rawEeg":4}
{"rawEeg":-38}
{"rawEeg":-83}
{"rawEeg":-114}
{"rawEeg":-115}
{"rawEeg":-82}
{"rawEeg":-81}
{"rawEeg":-78}
{"rawEeg":-14}
{"rawEeg":38}
{"rawEeg":-11}
{"rawEeg":-84}
{"rawEeg":-91}
{"rawEeg":-50}
{"rawEeg":-23}
{"rawEeg":-56}
{"rawEeg":-65}
{"rawEeg":-38}
{"rawEeg":-29}
{"rawEeg":-66}
{"rawEeg":-104}
{"rawEeg":-89}
{"rawEeg":-36}
{"rawEeg":18}
{"rawEeg":50}
{"rawEeg":34}
{"rawEeg":-13}
{"rawEeg":-65}
{"rawEeg":-28}
{"rawEeg":72}
{"rawEeg":113}
{"rawEeg":83}
{"rawEeg":48}
{"rawEeg":5}
{"rawEeg":-29}
{"rawEeg":-7}
{"rawEeg":66}
{"rawEeg":60}
{"rawEeg":17}
{"rawEeg":-2}
{"rawEeg":-8}
{"rawEeg":-23}
{"rawEeg":-29}
{"rawEeg":-7}
{"rawEeg":32}
{"rawEeg":52}
{"rawEeg":27}
{"rawEeg":6}
{"rawEeg":7}
{"rawEeg":-23}
{"rawEeg":-42}
{"rawEeg":-22}
{"rawEeg":-4}
{"rawEeg":-14}
{"rawEeg":-53}
{"rawEeg":-85}
{"rawEeg":-102}
{"rawEeg":-93}
{"rawEeg":-70}
{"rawEeg":-39}
{"rawEeg":-14}
{"rawEeg":-1}
{"rawEeg":-23}
{"rawEeg":-55}
{"rawEeg":-55}
{"rawEeg":-39}
{"rawEeg":-38}
{"rawEeg":-42}
{"rawEeg":-37}
{"rawEeg":-30}
{"rawEeg":-46}
{"rawEeg":-55}
{"rawEeg":-34}
{"rawEeg":-10}
{"rawEeg":-7}
{"rawEeg":-17}
{"rawEeg":-30}
{"rawEeg":-3}
{"rawEeg":39}
{"rawEeg":52}
{"rawEeg":35}
{"rawEeg":32}
{"rawEeg":57}
{"rawEeg":60}
{"rawEeg":36}
{"rawEeg":36}
{"rawEeg":35}
{"rawEeg":25}
{"rawEeg":12}
{"rawEeg":-9}
{"rawEeg":-6}
{"rawEeg":16}
{"rawEeg":35}
{"rawEeg":80}
{"rawEeg":107}
{"rawEeg":105}
{"rawEeg":92}
{"rawEeg":59}
{"rawEeg":33}
{"rawEeg":45}
{"rawEeg":74}
{"rawEeg":75}
{"rawEeg":72}
{"rawEeg":85}
{"rawEeg":101}
{"rawEeg":100}
{"rawEeg":55}
{"rawEeg":33}
{"rawEeg":58}
{"rawEeg":108}
{"rawEeg":123}
{"rawEeg":73}
{"rawEeg":20}
{"rawEeg":-8}
{"rawEeg":27}
{"rawEeg":154}
{"rawEeg":231}
{"rawEeg":132}
{"rawEeg":-5}
{"rawEeg":-36}
{"rawEeg":27}
{"rawEeg":64}
{"rawEeg":33}
{"rawEeg":-27}
{"rawEeg":-97}
{"rawEeg":-138}
{"rawEeg":-121}
{"rawEeg":-69}
{"rawEeg":-27}
{"rawEeg":-19}
{"rawEeg":-9}
{"rawEeg":-3}
{"rawEeg":-20}
{"rawEeg":-21}
{"rawEeg":-6}
{"rawEeg":26}
{"rawEeg":28}
{"rawEeg":-4}
{"rawEeg":-11}
{"rawEeg":-12}
{"rawEeg":-12}
{"rawEeg":-8}
{"rawEeg":-21}
{"rawEeg":-18}
{"rawEeg":-24}
{"rawEeg":-37}
{"rawEeg":-25}
{"rawEeg":10}
{"rawEeg":26}
{"rawEeg":3}
{"rawEeg":-65}
{"rawEeg":-101}
{"rawEeg":-73}
{"rawEeg":-27}
{"rawEeg":5}
{"rawEeg":42}
{"rawEeg":69}
{"rawEeg":54}
{"rawEeg":25}
{"rawEeg":23}
{"rawEeg":42}
{"rawEeg":65}
{"rawEeg":85}
{"rawEeg":75}
{"rawEeg":71}
{"rawEeg":58}
{"rawEeg":32}
{"rawEeg":29}
{"rawEeg":41}
{"rawEeg":65}
{"rawEeg":104}
{"rawEeg":136}
{"rawEeg":140}
{"rawEeg":139}
{"rawEeg":145}
{"rawEeg":121}
{"rawEeg":91}
{"rawEeg":85}
{"rawEeg":88}
{"rawEeg":84}
{"rawEeg":84}
{"rawEeg":76}
{"rawEeg":96}
{"rawEeg":129}
{"rawEeg":144}
{"rawEeg":150}
{"rawEeg":163}
{"rawEeg":171}
{"rawEeg":185}
{"rawEeg":181}
{"rawEeg":163}
{"rawEeg":179}
{"rawEeg":181}
{"rawEeg":154}
{"rawEeg":153}
{"rawEeg":133}
{"rawEeg":89}
{"rawEeg":96}
{"rawEeg":101}
{"rawEeg":85}
{"rawEeg":68}
{"rawEeg":77}
{"rawEeg":106}
{"rawEeg":104}
{"rawEeg":83}
{"rawEeg":80}
{"rawEeg":107}
{"rawEeg":164}
{"rawEeg":186}
{"rawEeg":179}
{"rawEeg":181}
{"rawEeg":164}
{"rawEeg":104}
{"rawEeg":51}
{"rawEeg":36}
{"rawEeg":35}
{"rawEeg":44}
{"rawEeg":49}
{"rawEeg":44}
{"rawEeg":57}
{"rawEeg":72}
{"rawEeg":67}
{"rawEeg":88}
{"rawEeg":131}
{"eSense":{"attention":34,"meditation":27},"eegPower":{"delta":1396350,"theta":91959,"lowAlpha":5093,"highAlpha":13749,"lowBeta":19761,"highBeta":12596,"lowGamma":4871,"highGamma":2039},"poorSignalLevel":0}
{"rawEeg":145}
{"rawEeg":128}
{"rawEeg":100}
{"rawEeg":108}
{"rawEeg":131}
{"rawEeg":137}
{"rawEeg":123}
{"rawEeg":120}
{"rawEeg":137}
{"rawEeg":124}
{"rawEeg":75}
{"rawEeg":51}
{"rawEeg":71}
{"rawEeg":112}
{"rawEeg":119}
{"rawEeg":88}
{"rawEeg":68}
{"rawEeg":85}
{"rawEeg":129}
{"rawEeg":176}
{"rawEeg":209}
{"rawEeg":219}
{"rawEeg":211}
{"rawEeg":197}
{"rawEeg":192}
{"rawEeg":204}
{"rawEeg":210}
{"rawEeg":198}
{"rawEeg":195}
{"rawEeg":188}
{"rawEeg":186}
{"rawEeg":217}
{"rawEeg":272}
{"rawEeg":290}
{"rawEeg":258}
{"rawEeg":213}
{"rawEeg":214}
{"rawEeg":273}
{"rawEeg":322}
{"rawEeg":352}
{"rawEeg":356}
{"rawEeg":309}
{"rawEeg":296}
{"rawEeg":328}
{"rawEeg":339}
{"rawEeg":341}
{"rawEeg":340}
{"rawEeg":326}
{"rawEeg":304}
{"rawEeg":289}
{"rawEeg":279}
{"rawEeg":274}
{"rawEeg":259}
{"rawEeg":263}
{"rawEeg":268}
{"rawEeg":246}
{"rawEeg":177}
{"rawEeg":115}
{"rawEeg":93}
{"rawEeg":106}
{"rawEeg":105}
{"rawEeg":59}
{"rawEeg":4}
{"rawEeg":-42}
{"rawEeg":-75}
{"rawEeg":-56}
{"rawEeg":-6}
{"rawEeg":4}
{"rawEeg":-17}
{"rawEeg":-29}
{"rawEeg":-29}
{"rawEeg":-13}
{"rawEeg":-7}
{"rawEeg":13}
{"rawEeg":-8}
{"rawEeg":-74}
{"rawEeg":-119}
{"rawEeg":-145}
{"rawEeg":-166}
{"rawEeg":-187}
{"rawEeg":-200}
{"rawEeg":-203}
{"rawEeg":-197}
{"rawEeg":-181}
{"rawEeg":-146}
{"rawEeg":-121}
{"rawEeg":-118}
{"rawEeg":-102}
{"rawEeg":-70}
{"rawEeg":-57}
{"rawEeg":-91}
{"rawEeg":-108}
{"rawEeg":-87}
{"rawEeg":-92}
{"rawEeg":-83}
{"rawEeg":-70}